INFO - 2024-12-18 14:59:30 --> Session: Class initialized using 'CodeIgniter\Session\Handlers\FileHandler' driver.
INFO - 2024-12-18 14:59:42 --> Session: Class initialized using 'CodeIgniter\Session\Handlers\FileHandler' driver.
INFO - 2024-12-18 15:03:51 --> Session: Class initialized using 'CodeIgniter\Session\Handlers\FileHandler' driver.
CRITICAL - 2024-12-18 15:03:51 --> Undefined property: stdClass::$slug_in
in APPPATH\Views\user\artikel\index.php on line 38.
 1 APPPATH\Views\user\artikel\index.php(38): CodeIgniter\Debug\Exceptions->errorHandler(2, 'Undefined property: stdClass::$slug_in', 'D:\\Project\\Web Company Profile\\TriftWear_CompanyProfile\\app\\Views\\user\\artikel\\index.php', 38)
 2 SYSTEMPATH\View\View.php(224): include('D:\\Project\\Web Company Profile\\TriftWear_CompanyProfile\\app\\Views\\user\\artikel\\index.php')
 3 SYSTEMPATH\View\View.php(227): CodeIgniter\View\View->CodeIgniter\View\{closure}()
 4 SYSTEMPATH\Common.php(1180): CodeIgniter\View\View->render('user/artikel/index', [], true)
 5 APPPATH\Controllers\user\Artikelctrl.php(51): view('user/artikel/index', [...])
 6 SYSTEMPATH\CodeIgniter.php(932): App\Controllers\user\Artikelctrl->index()
 7 SYSTEMPATH\CodeIgniter.php(497): CodeIgniter\CodeIgniter->runController(Object(App\Controllers\user\Artikelctrl))
 8 SYSTEMPATH\CodeIgniter.php(366): CodeIgniter\CodeIgniter->handleRequest(null, Object(Config\Cache), false)
 9 FCPATH\index.php(67): CodeIgniter\CodeIgniter->run()
10 SYSTEMPATH\Commands\Server\rewrite.php(47): require_once('D:\\Project\\Web Company Profile\\TriftWear_CompanyProfile\\public\\index.php')
INFO - 2024-12-18 15:04:57 --> Session: Class initialized using 'CodeIgniter\Session\Handlers\FileHandler' driver.
CRITICAL - 2024-12-18 15:04:57 --> Undefined property: stdClass::$slug_in
in APPPATH\Views\user\artikel\index.php on line 99.
 1 APPPATH\Views\user\artikel\index.php(99): CodeIgniter\Debug\Exceptions->errorHandler(2, 'Undefined property: stdClass::$slug_in', 'D:\\Project\\Web Company Profile\\TriftWear_CompanyProfile\\app\\Views\\user\\artikel\\index.php', 99)
 2 SYSTEMPATH\View\View.php(224): include('D:\\Project\\Web Company Profile\\TriftWear_CompanyProfile\\app\\Views\\user\\artikel\\index.php')
 3 SYSTEMPATH\View\View.php(227): CodeIgniter\View\View->CodeIgniter\View\{closure}()
 4 SYSTEMPATH\Common.php(1180): CodeIgniter\View\View->render('user/artikel/index', [], true)
 5 APPPATH\Controllers\user\Artikelctrl.php(51): view('user/artikel/index', [...])
 6 SYSTEMPATH\CodeIgniter.php(932): App\Controllers\user\Artikelctrl->index()
 7 SYSTEMPATH\CodeIgniter.php(497): CodeIgniter\CodeIgniter->runController(Object(App\Controllers\user\Artikelctrl))
 8 SYSTEMPATH\CodeIgniter.php(366): CodeIgniter\CodeIgniter->handleRequest(null, Object(Config\Cache), false)
 9 FCPATH\index.php(67): CodeIgniter\CodeIgniter->run()
10 SYSTEMPATH\Commands\Server\rewrite.php(47): require_once('D:\\Project\\Web Company Profile\\TriftWear_CompanyProfile\\public\\index.php')
INFO - 2024-12-18 15:04:59 --> Session: Class initialized using 'CodeIgniter\Session\Handlers\FileHandler' driver.
CRITICAL - 2024-12-18 15:04:59 --> Undefined property: stdClass::$slug_in
in APPPATH\Views\user\artikel\index.php on line 99.
 1 APPPATH\Views\user\artikel\index.php(99): CodeIgniter\Debug\Exceptions->errorHandler(2, 'Undefined property: stdClass::$slug_in', 'D:\\Project\\Web Company Profile\\TriftWear_CompanyProfile\\app\\Views\\user\\artikel\\index.php', 99)
 2 SYSTEMPATH\View\View.php(224): include('D:\\Project\\Web Company Profile\\TriftWear_CompanyProfile\\app\\Views\\user\\artikel\\index.php')
 3 SYSTEMPATH\View\View.php(227): CodeIgniter\View\View->CodeIgniter\View\{closure}()
 4 SYSTEMPATH\Common.php(1180): CodeIgniter\View\View->render('user/artikel/index', [], true)
 5 APPPATH\Controllers\user\Artikelctrl.php(51): view('user/artikel/index', [...])
 6 SYSTEMPATH\CodeIgniter.php(932): App\Controllers\user\Artikelctrl->index()
 7 SYSTEMPATH\CodeIgniter.php(497): CodeIgniter\CodeIgniter->runController(Object(App\Controllers\user\Artikelctrl))
 8 SYSTEMPATH\CodeIgniter.php(366): CodeIgniter\CodeIgniter->handleRequest(null, Object(Config\Cache), false)
 9 FCPATH\index.php(67): CodeIgniter\CodeIgniter->run()
10 SYSTEMPATH\Commands\Server\rewrite.php(47): require_once('D:\\Project\\Web Company Profile\\TriftWear_CompanyProfile\\public\\index.php')
INFO - 2024-12-18 15:05:00 --> Session: Class initialized using 'CodeIgniter\Session\Handlers\FileHandler' driver.
CRITICAL - 2024-12-18 15:05:00 --> Undefined property: stdClass::$slug_in
in APPPATH\Views\user\artikel\index.php on line 99.
 1 APPPATH\Views\user\artikel\index.php(99): CodeIgniter\Debug\Exceptions->errorHandler(2, 'Undefined property: stdClass::$slug_in', 'D:\\Project\\Web Company Profile\\TriftWear_CompanyProfile\\app\\Views\\user\\artikel\\index.php', 99)
 2 SYSTEMPATH\View\View.php(224): include('D:\\Project\\Web Company Profile\\TriftWear_CompanyProfile\\app\\Views\\user\\artikel\\index.php')
 3 SYSTEMPATH\View\View.php(227): CodeIgniter\View\View->CodeIgniter\View\{closure}()
 4 SYSTEMPATH\Common.php(1180): CodeIgniter\View\View->render('user/artikel/index', [], true)
 5 APPPATH\Controllers\user\Artikelctrl.php(51): view('user/artikel/index', [...])
 6 SYSTEMPATH\CodeIgniter.php(932): App\Controllers\user\Artikelctrl->index()
 7 SYSTEMPATH\CodeIgniter.php(497): CodeIgniter\CodeIgniter->runController(Object(App\Controllers\user\Artikelctrl))
 8 SYSTEMPATH\CodeIgniter.php(366): CodeIgniter\CodeIgniter->handleRequest(null, Object(Config\Cache), false)
 9 FCPATH\index.php(67): CodeIgniter\CodeIgniter->run()
10 SYSTEMPATH\Commands\Server\rewrite.php(47): require_once('D:\\Project\\Web Company Profile\\TriftWear_CompanyProfile\\public\\index.php')
INFO - 2024-12-18 15:05:00 --> Session: Class initialized using 'CodeIgniter\Session\Handlers\FileHandler' driver.
CRITICAL - 2024-12-18 15:05:00 --> Undefined property: stdClass::$slug_in
in APPPATH\Views\user\artikel\index.php on line 99.
 1 APPPATH\Views\user\artikel\index.php(99): CodeIgniter\Debug\Exceptions->errorHandler(2, 'Undefined property: stdClass::$slug_in', 'D:\\Project\\Web Company Profile\\TriftWear_CompanyProfile\\app\\Views\\user\\artikel\\index.php', 99)
 2 SYSTEMPATH\View\View.php(224): include('D:\\Project\\Web Company Profile\\TriftWear_CompanyProfile\\app\\Views\\user\\artikel\\index.php')
 3 SYSTEMPATH\View\View.php(227): CodeIgniter\View\View->CodeIgniter\View\{closure}()
 4 SYSTEMPATH\Common.php(1180): CodeIgniter\View\View->render('user/artikel/index', [], true)
 5 APPPATH\Controllers\user\Artikelctrl.php(51): view('user/artikel/index', [...])
 6 SYSTEMPATH\CodeIgniter.php(932): App\Controllers\user\Artikelctrl->index()
 7 SYSTEMPATH\CodeIgniter.php(497): CodeIgniter\CodeIgniter->runController(Object(App\Controllers\user\Artikelctrl))
 8 SYSTEMPATH\CodeIgniter.php(366): CodeIgniter\CodeIgniter->handleRequest(null, Object(Config\Cache), false)
 9 FCPATH\index.php(67): CodeIgniter\CodeIgniter->run()
10 SYSTEMPATH\Commands\Server\rewrite.php(47): require_once('D:\\Project\\Web Company Profile\\TriftWear_CompanyProfile\\public\\index.php')
INFO - 2024-12-18 15:05:01 --> Session: Class initialized using 'CodeIgniter\Session\Handlers\FileHandler' driver.
CRITICAL - 2024-12-18 15:05:01 --> Undefined property: stdClass::$slug_in
in APPPATH\Views\user\artikel\index.php on line 99.
 1 APPPATH\Views\user\artikel\index.php(99): CodeIgniter\Debug\Exceptions->errorHandler(2, 'Undefined property: stdClass::$slug_in', 'D:\\Project\\Web Company Profile\\TriftWear_CompanyProfile\\app\\Views\\user\\artikel\\index.php', 99)
 2 SYSTEMPATH\View\View.php(224): include('D:\\Project\\Web Company Profile\\TriftWear_CompanyProfile\\app\\Views\\user\\artikel\\index.php')
 3 SYSTEMPATH\View\View.php(227): CodeIgniter\View\View->CodeIgniter\View\{closure}()
 4 SYSTEMPATH\Common.php(1180): CodeIgniter\View\View->render('user/artikel/index', [], true)
 5 APPPATH\Controllers\user\Artikelctrl.php(51): view('user/artikel/index', [...])
 6 SYSTEMPATH\CodeIgniter.php(932): App\Controllers\user\Artikelctrl->index()
 7 SYSTEMPATH\CodeIgniter.php(497): CodeIgniter\CodeIgniter->runController(Object(App\Controllers\user\Artikelctrl))
 8 SYSTEMPATH\CodeIgniter.php(366): CodeIgniter\CodeIgniter->handleRequest(null, Object(Config\Cache), false)
 9 FCPATH\index.php(67): CodeIgniter\CodeIgniter->run()
10 SYSTEMPATH\Commands\Server\rewrite.php(47): require_once('D:\\Project\\Web Company Profile\\TriftWear_CompanyProfile\\public\\index.php')
INFO - 2024-12-18 15:05:02 --> Session: Class initialized using 'CodeIgniter\Session\Handlers\FileHandler' driver.
CRITICAL - 2024-12-18 15:05:02 --> Undefined property: stdClass::$slug_in
in APPPATH\Views\user\artikel\index.php on line 99.
 1 APPPATH\Views\user\artikel\index.php(99): CodeIgniter\Debug\Exceptions->errorHandler(2, 'Undefined property: stdClass::$slug_in', 'D:\\Project\\Web Company Profile\\TriftWear_CompanyProfile\\app\\Views\\user\\artikel\\index.php', 99)
 2 SYSTEMPATH\View\View.php(224): include('D:\\Project\\Web Company Profile\\TriftWear_CompanyProfile\\app\\Views\\user\\artikel\\index.php')
 3 SYSTEMPATH\View\View.php(227): CodeIgniter\View\View->CodeIgniter\View\{closure}()
 4 SYSTEMPATH\Common.php(1180): CodeIgniter\View\View->render('user/artikel/index', [], true)
 5 APPPATH\Controllers\user\Artikelctrl.php(51): view('user/artikel/index', [...])
 6 SYSTEMPATH\CodeIgniter.php(932): App\Controllers\user\Artikelctrl->index()
 7 SYSTEMPATH\CodeIgniter.php(497): CodeIgniter\CodeIgniter->runController(Object(App\Controllers\user\Artikelctrl))
 8 SYSTEMPATH\CodeIgniter.php(366): CodeIgniter\CodeIgniter->handleRequest(null, Object(Config\Cache), false)
 9 FCPATH\index.php(67): CodeIgniter\CodeIgniter->run()
10 SYSTEMPATH\Commands\Server\rewrite.php(47): require_once('D:\\Project\\Web Company Profile\\TriftWear_CompanyProfile\\public\\index.php')
INFO - 2024-12-18 15:05:02 --> Session: Class initialized using 'CodeIgniter\Session\Handlers\FileHandler' driver.
CRITICAL - 2024-12-18 15:05:02 --> Undefined property: stdClass::$slug_in
in APPPATH\Views\user\artikel\index.php on line 99.
 1 APPPATH\Views\user\artikel\index.php(99): CodeIgniter\Debug\Exceptions->errorHandler(2, 'Undefined property: stdClass::$slug_in', 'D:\\Project\\Web Company Profile\\TriftWear_CompanyProfile\\app\\Views\\user\\artikel\\index.php', 99)
 2 SYSTEMPATH\View\View.php(224): include('D:\\Project\\Web Company Profile\\TriftWear_CompanyProfile\\app\\Views\\user\\artikel\\index.php')
 3 SYSTEMPATH\View\View.php(227): CodeIgniter\View\View->CodeIgniter\View\{closure}()
 4 SYSTEMPATH\Common.php(1180): CodeIgniter\View\View->render('user/artikel/index', [], true)
 5 APPPATH\Controllers\user\Artikelctrl.php(51): view('user/artikel/index', [...])
 6 SYSTEMPATH\CodeIgniter.php(932): App\Controllers\user\Artikelctrl->index()
 7 SYSTEMPATH\CodeIgniter.php(497): CodeIgniter\CodeIgniter->runController(Object(App\Controllers\user\Artikelctrl))
 8 SYSTEMPATH\CodeIgniter.php(366): CodeIgniter\CodeIgniter->handleRequest(null, Object(Config\Cache), false)
 9 FCPATH\index.php(67): CodeIgniter\CodeIgniter->run()
10 SYSTEMPATH\Commands\Server\rewrite.php(47): require_once('D:\\Project\\Web Company Profile\\TriftWear_CompanyProfile\\public\\index.php')
INFO - 2024-12-18 15:05:03 --> Session: Class initialized using 'CodeIgniter\Session\Handlers\FileHandler' driver.
CRITICAL - 2024-12-18 15:05:03 --> Undefined property: stdClass::$slug_in
in APPPATH\Views\user\artikel\index.php on line 99.
 1 APPPATH\Views\user\artikel\index.php(99): CodeIgniter\Debug\Exceptions->errorHandler(2, 'Undefined property: stdClass::$slug_in', 'D:\\Project\\Web Company Profile\\TriftWear_CompanyProfile\\app\\Views\\user\\artikel\\index.php', 99)
 2 SYSTEMPATH\View\View.php(224): include('D:\\Project\\Web Company Profile\\TriftWear_CompanyProfile\\app\\Views\\user\\artikel\\index.php')
 3 SYSTEMPATH\View\View.php(227): CodeIgniter\View\View->CodeIgniter\View\{closure}()
 4 SYSTEMPATH\Common.php(1180): CodeIgniter\View\View->render('user/artikel/index', [], true)
 5 APPPATH\Controllers\user\Artikelctrl.php(51): view('user/artikel/index', [...])
 6 SYSTEMPATH\CodeIgniter.php(932): App\Controllers\user\Artikelctrl->index()
 7 SYSTEMPATH\CodeIgniter.php(497): CodeIgniter\CodeIgniter->runController(Object(App\Controllers\user\Artikelctrl))
 8 SYSTEMPATH\CodeIgniter.php(366): CodeIgniter\CodeIgniter->handleRequest(null, Object(Config\Cache), false)
 9 FCPATH\index.php(67): CodeIgniter\CodeIgniter->run()
10 SYSTEMPATH\Commands\Server\rewrite.php(47): require_once('D:\\Project\\Web Company Profile\\TriftWear_CompanyProfile\\public\\index.php')
INFO - 2024-12-18 15:05:03 --> Session: Class initialized using 'CodeIgniter\Session\Handlers\FileHandler' driver.
CRITICAL - 2024-12-18 15:05:03 --> Undefined property: stdClass::$slug_in
in APPPATH\Views\user\artikel\index.php on line 99.
 1 APPPATH\Views\user\artikel\index.php(99): CodeIgniter\Debug\Exceptions->errorHandler(2, 'Undefined property: stdClass::$slug_in', 'D:\\Project\\Web Company Profile\\TriftWear_CompanyProfile\\app\\Views\\user\\artikel\\index.php', 99)
 2 SYSTEMPATH\View\View.php(224): include('D:\\Project\\Web Company Profile\\TriftWear_CompanyProfile\\app\\Views\\user\\artikel\\index.php')
 3 SYSTEMPATH\View\View.php(227): CodeIgniter\View\View->CodeIgniter\View\{closure}()
 4 SYSTEMPATH\Common.php(1180): CodeIgniter\View\View->render('user/artikel/index', [], true)
 5 APPPATH\Controllers\user\Artikelctrl.php(51): view('user/artikel/index', [...])
 6 SYSTEMPATH\CodeIgniter.php(932): App\Controllers\user\Artikelctrl->index()
 7 SYSTEMPATH\CodeIgniter.php(497): CodeIgniter\CodeIgniter->runController(Object(App\Controllers\user\Artikelctrl))
 8 SYSTEMPATH\CodeIgniter.php(366): CodeIgniter\CodeIgniter->handleRequest(null, Object(Config\Cache), false)
 9 FCPATH\index.php(67): CodeIgniter\CodeIgniter->run()
10 SYSTEMPATH\Commands\Server\rewrite.php(47): require_once('D:\\Project\\Web Company Profile\\TriftWear_CompanyProfile\\public\\index.php')
INFO - 2024-12-18 15:05:04 --> Session: Class initialized using 'CodeIgniter\Session\Handlers\FileHandler' driver.
CRITICAL - 2024-12-18 15:05:04 --> Undefined property: stdClass::$slug_in
in APPPATH\Views\user\artikel\index.php on line 99.
 1 APPPATH\Views\user\artikel\index.php(99): CodeIgniter\Debug\Exceptions->errorHandler(2, 'Undefined property: stdClass::$slug_in', 'D:\\Project\\Web Company Profile\\TriftWear_CompanyProfile\\app\\Views\\user\\artikel\\index.php', 99)
 2 SYSTEMPATH\View\View.php(224): include('D:\\Project\\Web Company Profile\\TriftWear_CompanyProfile\\app\\Views\\user\\artikel\\index.php')
 3 SYSTEMPATH\View\View.php(227): CodeIgniter\View\View->CodeIgniter\View\{closure}()
 4 SYSTEMPATH\Common.php(1180): CodeIgniter\View\View->render('user/artikel/index', [], true)
 5 APPPATH\Controllers\user\Artikelctrl.php(51): view('user/artikel/index', [...])
 6 SYSTEMPATH\CodeIgniter.php(932): App\Controllers\user\Artikelctrl->index()
 7 SYSTEMPATH\CodeIgniter.php(497): CodeIgniter\CodeIgniter->runController(Object(App\Controllers\user\Artikelctrl))
 8 SYSTEMPATH\CodeIgniter.php(366): CodeIgniter\CodeIgniter->handleRequest(null, Object(Config\Cache), false)
 9 FCPATH\index.php(67): CodeIgniter\CodeIgniter->run()
10 SYSTEMPATH\Commands\Server\rewrite.php(47): require_once('D:\\Project\\Web Company Profile\\TriftWear_CompanyProfile\\public\\index.php')
