INFO - 2024-12-16 04:11:28 --> Session: Class initialized using 'CodeIgniter\Session\Handlers\FileHandler' driver.
INFO - 2024-12-16 04:11:28 --> Session: Class initialized using 'CodeIgniter\Session\Handlers\FileHandler' driver.
ERROR - 2024-12-16 04:11:32 --> Error connecting to the database: mysqli_sql_exception: No connection could be made because the target machine actively refused it in D:\Project\Web Company Profile\TriftWear_CompanyProfile\system\Database\MySQLi\Connection.php:173
Stack trace:
#0 D:\Project\Web Company Profile\TriftWear_CompanyProfile\system\Database\MySQLi\Connection.php(173): mysqli->real_connect('localhost', 'root', Object(SensitiveParameterValue), '29', 3306, '', 0)
#1 D:\Project\Web Company Profile\TriftWear_CompanyProfile\system\Database\BaseConnection.php(391): CodeIgniter\Database\MySQLi\Connection->connect(false)
#2 D:\Project\Web Company Profile\TriftWear_CompanyProfile\system\Database\BaseConnection.php(574): CodeIgniter\Database\BaseConnection->initialize()
#3 D:\Project\Web Company Profile\TriftWear_CompanyProfile\system\Database\BaseBuilder.php(1616): CodeIgniter\Database\BaseConnection->query('SELECT *\nFROM `...', Array, false)
#4 D:\Project\Web Company Profile\TriftWear_CompanyProfile\system\Model.php(268): CodeIgniter\Database\BaseBuilder->get()
#5 D:\Project\Web Company Profile\TriftWear_CompanyProfile\system\BaseModel.php(656): CodeIgniter\Model->doFirst()
#6 D:\Project\Web Company Profile\TriftWear_CompanyProfile\app\Controllers\user\Homectrl.php(38): CodeIgniter\BaseModel->first()
#7 D:\Project\Web Company Profile\TriftWear_CompanyProfile\system\CodeIgniter.php(932): App\Controllers\user\Homectrl->index()
#8 D:\Project\Web Company Profile\TriftWear_CompanyProfile\system\CodeIgniter.php(497): CodeIgniter\CodeIgniter->runController(Object(App\Controllers\user\Homectrl))
#9 D:\Project\Web Company Profile\TriftWear_CompanyProfile\system\CodeIgniter.php(366): CodeIgniter\CodeIgniter->handleRequest(NULL, Object(Config\Cache), false)
#10 D:\Project\Web Company Profile\TriftWear_CompanyProfile\public\index.php(67): CodeIgniter\CodeIgniter->run()
#11 D:\Project\Web Company Profile\TriftWear_CompanyProfile\system\Commands\Server\rewrite.php(47): require_once('D:\\Project\\Web ...')
#12 {main}

Next CodeIgniter\Database\Exceptions\DatabaseException: No connection could be made because the target machine actively refused it in D:\Project\Web Company Profile\TriftWear_CompanyProfile\system\Database\MySQLi\Connection.php:218
Stack trace:
#0 D:\Project\Web Company Profile\TriftWear_CompanyProfile\system\Database\BaseConnection.php(391): CodeIgniter\Database\MySQLi\Connection->connect(false)
#1 D:\Project\Web Company Profile\TriftWear_CompanyProfile\system\Database\BaseConnection.php(574): CodeIgniter\Database\BaseConnection->initialize()
#2 D:\Project\Web Company Profile\TriftWear_CompanyProfile\system\Database\BaseBuilder.php(1616): CodeIgniter\Database\BaseConnection->query('SELECT *\nFROM `...', Array, false)
#3 D:\Project\Web Company Profile\TriftWear_CompanyProfile\system\Model.php(268): CodeIgniter\Database\BaseBuilder->get()
#4 D:\Project\Web Company Profile\TriftWear_CompanyProfile\system\BaseModel.php(656): CodeIgniter\Model->doFirst()
#5 D:\Project\Web Company Profile\TriftWear_CompanyProfile\app\Controllers\user\Homectrl.php(38): CodeIgniter\BaseModel->first()
#6 D:\Project\Web Company Profile\TriftWear_CompanyProfile\system\CodeIgniter.php(932): App\Controllers\user\Homectrl->index()
#7 D:\Project\Web Company Profile\TriftWear_CompanyProfile\system\CodeIgniter.php(497): CodeIgniter\CodeIgniter->runController(Object(App\Controllers\user\Homectrl))
#8 D:\Project\Web Company Profile\TriftWear_CompanyProfile\system\CodeIgniter.php(366): CodeIgniter\CodeIgniter->handleRequest(NULL, Object(Config\Cache), false)
#9 D:\Project\Web Company Profile\TriftWear_CompanyProfile\public\index.php(67): CodeIgniter\CodeIgniter->run()
#10 D:\Project\Web Company Profile\TriftWear_CompanyProfile\system\Commands\Server\rewrite.php(47): require_once('D:\\Project\\Web ...')
#11 {main}
CRITICAL - 2024-12-16 04:11:32 --> Unable to connect to the database.
Main connection [MySQLi]: No connection could be made because the target machine actively refused it
in SYSTEMPATH\Database\BaseConnection.php on line 427.
 1 SYSTEMPATH\Database\BaseConnection.php(574): CodeIgniter\Database\BaseConnection->initialize()
 2 SYSTEMPATH\Database\BaseBuilder.php(1616): CodeIgniter\Database\BaseConnection->query('SELECT *
FROM `tb_meta`
WHERE `nama_halaman` = :nama_halaman:
 LIMIT 1', [...], false)
 3 SYSTEMPATH\Model.php(268): CodeIgniter\Database\BaseBuilder->get()
 4 SYSTEMPATH\BaseModel.php(656): CodeIgniter\Model->doFirst()
 5 APPPATH\Controllers\user\Homectrl.php(38): CodeIgniter\BaseModel->first()
 6 SYSTEMPATH\CodeIgniter.php(932): App\Controllers\user\Homectrl->index()
 7 SYSTEMPATH\CodeIgniter.php(497): CodeIgniter\CodeIgniter->runController(Object(App\Controllers\user\Homectrl))
 8 SYSTEMPATH\CodeIgniter.php(366): CodeIgniter\CodeIgniter->handleRequest(null, Object(Config\Cache), false)
 9 FCPATH\index.php(67): CodeIgniter\CodeIgniter->run()
10 SYSTEMPATH\Commands\Server\rewrite.php(47): require_once('D:\\Project\\Web Company Profile\\TriftWear_CompanyProfile\\public\\index.php')
INFO - 2024-12-16 04:36:52 --> Session: Class initialized using 'CodeIgniter\Session\Handlers\FileHandler' driver.
ERROR - 2024-12-16 04:36:56 --> Error connecting to the database: mysqli_sql_exception: No connection could be made because the target machine actively refused it in D:\Project\Web Company Profile\TriftWear_CompanyProfile\system\Database\MySQLi\Connection.php:173
Stack trace:
#0 D:\Project\Web Company Profile\TriftWear_CompanyProfile\system\Database\MySQLi\Connection.php(173): mysqli->real_connect('localhost', 'root', Object(SensitiveParameterValue), '29', 3306, '', 0)
#1 D:\Project\Web Company Profile\TriftWear_CompanyProfile\system\Database\BaseConnection.php(391): CodeIgniter\Database\MySQLi\Connection->connect(false)
#2 D:\Project\Web Company Profile\TriftWear_CompanyProfile\system\Database\BaseConnection.php(574): CodeIgniter\Database\BaseConnection->initialize()
#3 D:\Project\Web Company Profile\TriftWear_CompanyProfile\system\Database\BaseBuilder.php(1616): CodeIgniter\Database\BaseConnection->query('SELECT *\nFROM `...', Array, false)
#4 D:\Project\Web Company Profile\TriftWear_CompanyProfile\system\Model.php(268): CodeIgniter\Database\BaseBuilder->get()
#5 D:\Project\Web Company Profile\TriftWear_CompanyProfile\system\BaseModel.php(656): CodeIgniter\Model->doFirst()
#6 D:\Project\Web Company Profile\TriftWear_CompanyProfile\app\Controllers\user\Homectrl.php(38): CodeIgniter\BaseModel->first()
#7 D:\Project\Web Company Profile\TriftWear_CompanyProfile\system\CodeIgniter.php(932): App\Controllers\user\Homectrl->index()
#8 D:\Project\Web Company Profile\TriftWear_CompanyProfile\system\CodeIgniter.php(497): CodeIgniter\CodeIgniter->runController(Object(App\Controllers\user\Homectrl))
#9 D:\Project\Web Company Profile\TriftWear_CompanyProfile\system\CodeIgniter.php(366): CodeIgniter\CodeIgniter->handleRequest(NULL, Object(Config\Cache), false)
#10 D:\Project\Web Company Profile\TriftWear_CompanyProfile\public\index.php(67): CodeIgniter\CodeIgniter->run()
#11 D:\Project\Web Company Profile\TriftWear_CompanyProfile\system\Commands\Server\rewrite.php(47): require_once('D:\\Project\\Web ...')
#12 {main}

Next CodeIgniter\Database\Exceptions\DatabaseException: No connection could be made because the target machine actively refused it in D:\Project\Web Company Profile\TriftWear_CompanyProfile\system\Database\MySQLi\Connection.php:218
Stack trace:
#0 D:\Project\Web Company Profile\TriftWear_CompanyProfile\system\Database\BaseConnection.php(391): CodeIgniter\Database\MySQLi\Connection->connect(false)
#1 D:\Project\Web Company Profile\TriftWear_CompanyProfile\system\Database\BaseConnection.php(574): CodeIgniter\Database\BaseConnection->initialize()
#2 D:\Project\Web Company Profile\TriftWear_CompanyProfile\system\Database\BaseBuilder.php(1616): CodeIgniter\Database\BaseConnection->query('SELECT *\nFROM `...', Array, false)
#3 D:\Project\Web Company Profile\TriftWear_CompanyProfile\system\Model.php(268): CodeIgniter\Database\BaseBuilder->get()
#4 D:\Project\Web Company Profile\TriftWear_CompanyProfile\system\BaseModel.php(656): CodeIgniter\Model->doFirst()
#5 D:\Project\Web Company Profile\TriftWear_CompanyProfile\app\Controllers\user\Homectrl.php(38): CodeIgniter\BaseModel->first()
#6 D:\Project\Web Company Profile\TriftWear_CompanyProfile\system\CodeIgniter.php(932): App\Controllers\user\Homectrl->index()
#7 D:\Project\Web Company Profile\TriftWear_CompanyProfile\system\CodeIgniter.php(497): CodeIgniter\CodeIgniter->runController(Object(App\Controllers\user\Homectrl))
#8 D:\Project\Web Company Profile\TriftWear_CompanyProfile\system\CodeIgniter.php(366): CodeIgniter\CodeIgniter->handleRequest(NULL, Object(Config\Cache), false)
#9 D:\Project\Web Company Profile\TriftWear_CompanyProfile\public\index.php(67): CodeIgniter\CodeIgniter->run()
#10 D:\Project\Web Company Profile\TriftWear_CompanyProfile\system\Commands\Server\rewrite.php(47): require_once('D:\\Project\\Web ...')
#11 {main}
CRITICAL - 2024-12-16 04:36:56 --> Unable to connect to the database.
Main connection [MySQLi]: No connection could be made because the target machine actively refused it
in SYSTEMPATH\Database\BaseConnection.php on line 427.
 1 SYSTEMPATH\Database\BaseConnection.php(574): CodeIgniter\Database\BaseConnection->initialize()
 2 SYSTEMPATH\Database\BaseBuilder.php(1616): CodeIgniter\Database\BaseConnection->query('SELECT *
FROM `tb_meta`
WHERE `nama_halaman` = :nama_halaman:
 LIMIT 1', [...], false)
 3 SYSTEMPATH\Model.php(268): CodeIgniter\Database\BaseBuilder->get()
 4 SYSTEMPATH\BaseModel.php(656): CodeIgniter\Model->doFirst()
 5 APPPATH\Controllers\user\Homectrl.php(38): CodeIgniter\BaseModel->first()
 6 SYSTEMPATH\CodeIgniter.php(932): App\Controllers\user\Homectrl->index()
 7 SYSTEMPATH\CodeIgniter.php(497): CodeIgniter\CodeIgniter->runController(Object(App\Controllers\user\Homectrl))
 8 SYSTEMPATH\CodeIgniter.php(366): CodeIgniter\CodeIgniter->handleRequest(null, Object(Config\Cache), false)
 9 FCPATH\index.php(67): CodeIgniter\CodeIgniter->run()
10 SYSTEMPATH\Commands\Server\rewrite.php(47): require_once('D:\\Project\\Web Company Profile\\TriftWear_CompanyProfile\\public\\index.php')
INFO - 2024-12-16 11:20:16 --> Session: Class initialized using 'CodeIgniter\Session\Handlers\FileHandler' driver.
ERROR - 2024-12-16 11:20:20 --> Error connecting to the database: mysqli_sql_exception: No connection could be made because the target machine actively refused it in D:\Project\Web Company Profile\TriftWear_CompanyProfile\system\Database\MySQLi\Connection.php:173
Stack trace:
#0 D:\Project\Web Company Profile\TriftWear_CompanyProfile\system\Database\MySQLi\Connection.php(173): mysqli->real_connect('localhost', 'root', Object(SensitiveParameterValue), '29', 3306, '', 0)
#1 D:\Project\Web Company Profile\TriftWear_CompanyProfile\system\Database\BaseConnection.php(391): CodeIgniter\Database\MySQLi\Connection->connect(false)
#2 D:\Project\Web Company Profile\TriftWear_CompanyProfile\system\Database\BaseConnection.php(574): CodeIgniter\Database\BaseConnection->initialize()
#3 D:\Project\Web Company Profile\TriftWear_CompanyProfile\system\Database\BaseBuilder.php(1616): CodeIgniter\Database\BaseConnection->query('SELECT *\nFROM `...', Array, false)
#4 D:\Project\Web Company Profile\TriftWear_CompanyProfile\system\Model.php(268): CodeIgniter\Database\BaseBuilder->get()
#5 D:\Project\Web Company Profile\TriftWear_CompanyProfile\system\BaseModel.php(656): CodeIgniter\Model->doFirst()
#6 D:\Project\Web Company Profile\TriftWear_CompanyProfile\app\Controllers\user\Homectrl.php(38): CodeIgniter\BaseModel->first()
#7 D:\Project\Web Company Profile\TriftWear_CompanyProfile\system\CodeIgniter.php(932): App\Controllers\user\Homectrl->index()
#8 D:\Project\Web Company Profile\TriftWear_CompanyProfile\system\CodeIgniter.php(497): CodeIgniter\CodeIgniter->runController(Object(App\Controllers\user\Homectrl))
#9 D:\Project\Web Company Profile\TriftWear_CompanyProfile\system\CodeIgniter.php(366): CodeIgniter\CodeIgniter->handleRequest(NULL, Object(Config\Cache), false)
#10 D:\Project\Web Company Profile\TriftWear_CompanyProfile\public\index.php(67): CodeIgniter\CodeIgniter->run()
#11 D:\Project\Web Company Profile\TriftWear_CompanyProfile\system\Commands\Server\rewrite.php(47): require_once('D:\\Project\\Web ...')
#12 {main}

Next CodeIgniter\Database\Exceptions\DatabaseException: No connection could be made because the target machine actively refused it in D:\Project\Web Company Profile\TriftWear_CompanyProfile\system\Database\MySQLi\Connection.php:218
Stack trace:
#0 D:\Project\Web Company Profile\TriftWear_CompanyProfile\system\Database\BaseConnection.php(391): CodeIgniter\Database\MySQLi\Connection->connect(false)
#1 D:\Project\Web Company Profile\TriftWear_CompanyProfile\system\Database\BaseConnection.php(574): CodeIgniter\Database\BaseConnection->initialize()
#2 D:\Project\Web Company Profile\TriftWear_CompanyProfile\system\Database\BaseBuilder.php(1616): CodeIgniter\Database\BaseConnection->query('SELECT *\nFROM `...', Array, false)
#3 D:\Project\Web Company Profile\TriftWear_CompanyProfile\system\Model.php(268): CodeIgniter\Database\BaseBuilder->get()
#4 D:\Project\Web Company Profile\TriftWear_CompanyProfile\system\BaseModel.php(656): CodeIgniter\Model->doFirst()
#5 D:\Project\Web Company Profile\TriftWear_CompanyProfile\app\Controllers\user\Homectrl.php(38): CodeIgniter\BaseModel->first()
#6 D:\Project\Web Company Profile\TriftWear_CompanyProfile\system\CodeIgniter.php(932): App\Controllers\user\Homectrl->index()
#7 D:\Project\Web Company Profile\TriftWear_CompanyProfile\system\CodeIgniter.php(497): CodeIgniter\CodeIgniter->runController(Object(App\Controllers\user\Homectrl))
#8 D:\Project\Web Company Profile\TriftWear_CompanyProfile\system\CodeIgniter.php(366): CodeIgniter\CodeIgniter->handleRequest(NULL, Object(Config\Cache), false)
#9 D:\Project\Web Company Profile\TriftWear_CompanyProfile\public\index.php(67): CodeIgniter\CodeIgniter->run()
#10 D:\Project\Web Company Profile\TriftWear_CompanyProfile\system\Commands\Server\rewrite.php(47): require_once('D:\\Project\\Web ...')
#11 {main}
CRITICAL - 2024-12-16 11:20:20 --> Unable to connect to the database.
Main connection [MySQLi]: No connection could be made because the target machine actively refused it
in SYSTEMPATH\Database\BaseConnection.php on line 427.
 1 SYSTEMPATH\Database\BaseConnection.php(574): CodeIgniter\Database\BaseConnection->initialize()
 2 SYSTEMPATH\Database\BaseBuilder.php(1616): CodeIgniter\Database\BaseConnection->query('SELECT *
FROM `tb_meta`
WHERE `nama_halaman` = :nama_halaman:
 LIMIT 1', [...], false)
 3 SYSTEMPATH\Model.php(268): CodeIgniter\Database\BaseBuilder->get()
 4 SYSTEMPATH\BaseModel.php(656): CodeIgniter\Model->doFirst()
 5 APPPATH\Controllers\user\Homectrl.php(38): CodeIgniter\BaseModel->first()
 6 SYSTEMPATH\CodeIgniter.php(932): App\Controllers\user\Homectrl->index()
 7 SYSTEMPATH\CodeIgniter.php(497): CodeIgniter\CodeIgniter->runController(Object(App\Controllers\user\Homectrl))
 8 SYSTEMPATH\CodeIgniter.php(366): CodeIgniter\CodeIgniter->handleRequest(null, Object(Config\Cache), false)
 9 FCPATH\index.php(67): CodeIgniter\CodeIgniter->run()
10 SYSTEMPATH\Commands\Server\rewrite.php(47): require_once('D:\\Project\\Web Company Profile\\TriftWear_CompanyProfile\\public\\index.php')
