INFO - 2024-11-30 03:13:44 --> Session: Class initialized using 'CodeIgniter\Session\Handlers\FileHandler' driver.
ERROR - 2024-11-30 03:13:44 --> Error connecting to the database: mysqli_sql_exception: Unknown database 'u1658729_duapuluhsembilan' in D:\Project\Web Company Profile\TriftWear_CompanyProfile\system\Database\MySQLi\Connection.php:173
Stack trace:
#0 D:\Project\Web Company Profile\TriftWear_CompanyProfile\system\Database\MySQLi\Connection.php(173): mysqli->real_connect('localhost', 'root', Object(SensitiveParameterValue), 'u1658729_duapul...', 3306, '', 0)
#1 D:\Project\Web Company Profile\TriftWear_CompanyProfile\system\Database\BaseConnection.php(391): CodeIgniter\Database\MySQLi\Connection->connect(false)
#2 D:\Project\Web Company Profile\TriftWear_CompanyProfile\system\Database\BaseConnection.php(574): CodeIgniter\Database\BaseConnection->initialize()
#3 D:\Project\Web Company Profile\TriftWear_CompanyProfile\system\Database\BaseBuilder.php(1616): CodeIgniter\Database\BaseConnection->query('SELECT *\nFROM `...', Array, false)
#4 D:\Project\Web Company Profile\TriftWear_CompanyProfile\system\Model.php(241): CodeIgniter\Database\BaseBuilder->get()
#5 D:\Project\Web Company Profile\TriftWear_CompanyProfile\system\BaseModel.php(618): CodeIgniter\Model->doFindAll(0, 0)
#6 D:\Project\Web Company Profile\TriftWear_CompanyProfile\app\Controllers\user\Homectrl.php(31): CodeIgniter\BaseModel->findAll()
#7 D:\Project\Web Company Profile\TriftWear_CompanyProfile\system\CodeIgniter.php(932): App\Controllers\user\Homectrl->index()
#8 D:\Project\Web Company Profile\TriftWear_CompanyProfile\system\CodeIgniter.php(497): CodeIgniter\CodeIgniter->runController(Object(App\Controllers\user\Homectrl))
#9 D:\Project\Web Company Profile\TriftWear_CompanyProfile\system\CodeIgniter.php(366): CodeIgniter\CodeIgniter->handleRequest(NULL, Object(Config\Cache), false)
#10 D:\Project\Web Company Profile\TriftWear_CompanyProfile\public\index.php(67): CodeIgniter\CodeIgniter->run()
#11 D:\Project\Web Company Profile\TriftWear_CompanyProfile\system\Commands\Server\rewrite.php(47): require_once('D:\\Project\\Web ...')
#12 {main}

Next CodeIgniter\Database\Exceptions\DatabaseException: Unknown database 'u1658729_duapuluhsembilan' in D:\Project\Web Company Profile\TriftWear_CompanyProfile\system\Database\MySQLi\Connection.php:218
Stack trace:
#0 D:\Project\Web Company Profile\TriftWear_CompanyProfile\system\Database\BaseConnection.php(391): CodeIgniter\Database\MySQLi\Connection->connect(false)
#1 D:\Project\Web Company Profile\TriftWear_CompanyProfile\system\Database\BaseConnection.php(574): CodeIgniter\Database\BaseConnection->initialize()
#2 D:\Project\Web Company Profile\TriftWear_CompanyProfile\system\Database\BaseBuilder.php(1616): CodeIgniter\Database\BaseConnection->query('SELECT *\nFROM `...', Array, false)
#3 D:\Project\Web Company Profile\TriftWear_CompanyProfile\system\Model.php(241): CodeIgniter\Database\BaseBuilder->get()
#4 D:\Project\Web Company Profile\TriftWear_CompanyProfile\system\BaseModel.php(618): CodeIgniter\Model->doFindAll(0, 0)
#5 D:\Project\Web Company Profile\TriftWear_CompanyProfile\app\Controllers\user\Homectrl.php(31): CodeIgniter\BaseModel->findAll()
#6 D:\Project\Web Company Profile\TriftWear_CompanyProfile\system\CodeIgniter.php(932): App\Controllers\user\Homectrl->index()
#7 D:\Project\Web Company Profile\TriftWear_CompanyProfile\system\CodeIgniter.php(497): CodeIgniter\CodeIgniter->runController(Object(App\Controllers\user\Homectrl))
#8 D:\Project\Web Company Profile\TriftWear_CompanyProfile\system\CodeIgniter.php(366): CodeIgniter\CodeIgniter->handleRequest(NULL, Object(Config\Cache), false)
#9 D:\Project\Web Company Profile\TriftWear_CompanyProfile\public\index.php(67): CodeIgniter\CodeIgniter->run()
#10 D:\Project\Web Company Profile\TriftWear_CompanyProfile\system\Commands\Server\rewrite.php(47): require_once('D:\\Project\\Web ...')
#11 {main}
CRITICAL - 2024-11-30 03:13:44 --> Unable to connect to the database.
Main connection [MySQLi]: Unknown database 'u1658729_duapuluhsembilan'
in SYSTEMPATH\Database\BaseConnection.php on line 427.
 1 SYSTEMPATH\Database\BaseConnection.php(574): CodeIgniter\Database\BaseConnection->initialize()
 2 SYSTEMPATH\Database\BaseBuilder.php(1616): CodeIgniter\Database\BaseConnection->query('SELECT *
FROM `tb_profil`', [], false)
 3 SYSTEMPATH\Model.php(241): CodeIgniter\Database\BaseBuilder->get()
 4 SYSTEMPATH\BaseModel.php(618): CodeIgniter\Model->doFindAll(0, 0)
 5 APPPATH\Controllers\user\Homectrl.php(31): CodeIgniter\BaseModel->findAll()
 6 SYSTEMPATH\CodeIgniter.php(932): App\Controllers\user\Homectrl->index()
 7 SYSTEMPATH\CodeIgniter.php(497): CodeIgniter\CodeIgniter->runController(Object(App\Controllers\user\Homectrl))
 8 SYSTEMPATH\CodeIgniter.php(366): CodeIgniter\CodeIgniter->handleRequest(null, Object(Config\Cache), false)
 9 FCPATH\index.php(67): CodeIgniter\CodeIgniter->run()
10 SYSTEMPATH\Commands\Server\rewrite.php(47): require_once('D:\\Project\\Web Company Profile\\TriftWear_CompanyProfile\\public\\index.php')
INFO - 2024-11-30 03:15:08 --> Session: Class initialized using 'CodeIgniter\Session\Handlers\FileHandler' driver.
ERROR - 2024-11-30 03:15:08 --> Error connecting to the database: mysqli_sql_exception: Unknown database 'u1658729_duapuluhsembilan' in D:\Project\Web Company Profile\TriftWear_CompanyProfile\system\Database\MySQLi\Connection.php:173
Stack trace:
#0 D:\Project\Web Company Profile\TriftWear_CompanyProfile\system\Database\MySQLi\Connection.php(173): mysqli->real_connect('localhost', 'root', Object(SensitiveParameterValue), 'u1658729_duapul...', 3306, '', 0)
#1 D:\Project\Web Company Profile\TriftWear_CompanyProfile\system\Database\BaseConnection.php(391): CodeIgniter\Database\MySQLi\Connection->connect(false)
#2 D:\Project\Web Company Profile\TriftWear_CompanyProfile\system\Database\BaseConnection.php(574): CodeIgniter\Database\BaseConnection->initialize()
#3 D:\Project\Web Company Profile\TriftWear_CompanyProfile\system\Database\BaseBuilder.php(1616): CodeIgniter\Database\BaseConnection->query('SELECT *\nFROM `...', Array, false)
#4 D:\Project\Web Company Profile\TriftWear_CompanyProfile\system\Model.php(241): CodeIgniter\Database\BaseBuilder->get()
#5 D:\Project\Web Company Profile\TriftWear_CompanyProfile\system\BaseModel.php(618): CodeIgniter\Model->doFindAll(0, 0)
#6 D:\Project\Web Company Profile\TriftWear_CompanyProfile\app\Controllers\user\Homectrl.php(31): CodeIgniter\BaseModel->findAll()
#7 D:\Project\Web Company Profile\TriftWear_CompanyProfile\system\CodeIgniter.php(932): App\Controllers\user\Homectrl->index()
#8 D:\Project\Web Company Profile\TriftWear_CompanyProfile\system\CodeIgniter.php(497): CodeIgniter\CodeIgniter->runController(Object(App\Controllers\user\Homectrl))
#9 D:\Project\Web Company Profile\TriftWear_CompanyProfile\system\CodeIgniter.php(366): CodeIgniter\CodeIgniter->handleRequest(NULL, Object(Config\Cache), false)
#10 D:\Project\Web Company Profile\TriftWear_CompanyProfile\public\index.php(67): CodeIgniter\CodeIgniter->run()
#11 D:\Project\Web Company Profile\TriftWear_CompanyProfile\system\Commands\Server\rewrite.php(47): require_once('D:\\Project\\Web ...')
#12 {main}

Next CodeIgniter\Database\Exceptions\DatabaseException: Unknown database 'u1658729_duapuluhsembilan' in D:\Project\Web Company Profile\TriftWear_CompanyProfile\system\Database\MySQLi\Connection.php:218
Stack trace:
#0 D:\Project\Web Company Profile\TriftWear_CompanyProfile\system\Database\BaseConnection.php(391): CodeIgniter\Database\MySQLi\Connection->connect(false)
#1 D:\Project\Web Company Profile\TriftWear_CompanyProfile\system\Database\BaseConnection.php(574): CodeIgniter\Database\BaseConnection->initialize()
#2 D:\Project\Web Company Profile\TriftWear_CompanyProfile\system\Database\BaseBuilder.php(1616): CodeIgniter\Database\BaseConnection->query('SELECT *\nFROM `...', Array, false)
#3 D:\Project\Web Company Profile\TriftWear_CompanyProfile\system\Model.php(241): CodeIgniter\Database\BaseBuilder->get()
#4 D:\Project\Web Company Profile\TriftWear_CompanyProfile\system\BaseModel.php(618): CodeIgniter\Model->doFindAll(0, 0)
#5 D:\Project\Web Company Profile\TriftWear_CompanyProfile\app\Controllers\user\Homectrl.php(31): CodeIgniter\BaseModel->findAll()
#6 D:\Project\Web Company Profile\TriftWear_CompanyProfile\system\CodeIgniter.php(932): App\Controllers\user\Homectrl->index()
#7 D:\Project\Web Company Profile\TriftWear_CompanyProfile\system\CodeIgniter.php(497): CodeIgniter\CodeIgniter->runController(Object(App\Controllers\user\Homectrl))
#8 D:\Project\Web Company Profile\TriftWear_CompanyProfile\system\CodeIgniter.php(366): CodeIgniter\CodeIgniter->handleRequest(NULL, Object(Config\Cache), false)
#9 D:\Project\Web Company Profile\TriftWear_CompanyProfile\public\index.php(67): CodeIgniter\CodeIgniter->run()
#10 D:\Project\Web Company Profile\TriftWear_CompanyProfile\system\Commands\Server\rewrite.php(47): require_once('D:\\Project\\Web ...')
#11 {main}
CRITICAL - 2024-11-30 03:15:08 --> Unable to connect to the database.
Main connection [MySQLi]: Unknown database 'u1658729_duapuluhsembilan'
in SYSTEMPATH\Database\BaseConnection.php on line 427.
 1 SYSTEMPATH\Database\BaseConnection.php(574): CodeIgniter\Database\BaseConnection->initialize()
 2 SYSTEMPATH\Database\BaseBuilder.php(1616): CodeIgniter\Database\BaseConnection->query('SELECT *
FROM `tb_profil`', [], false)
 3 SYSTEMPATH\Model.php(241): CodeIgniter\Database\BaseBuilder->get()
 4 SYSTEMPATH\BaseModel.php(618): CodeIgniter\Model->doFindAll(0, 0)
 5 APPPATH\Controllers\user\Homectrl.php(31): CodeIgniter\BaseModel->findAll()
 6 SYSTEMPATH\CodeIgniter.php(932): App\Controllers\user\Homectrl->index()
 7 SYSTEMPATH\CodeIgniter.php(497): CodeIgniter\CodeIgniter->runController(Object(App\Controllers\user\Homectrl))
 8 SYSTEMPATH\CodeIgniter.php(366): CodeIgniter\CodeIgniter->handleRequest(null, Object(Config\Cache), false)
 9 FCPATH\index.php(67): CodeIgniter\CodeIgniter->run()
10 SYSTEMPATH\Commands\Server\rewrite.php(47): require_once('D:\\Project\\Web Company Profile\\TriftWear_CompanyProfile\\public\\index.php')
INFO - 2024-11-30 03:15:23 --> Session: Class initialized using 'CodeIgniter\Session\Handlers\FileHandler' driver.
ERROR - 2024-11-30 03:15:23 --> Error connecting to the database: mysqli_sql_exception: Unknown database 'u1658729_duapuluhsembilan' in D:\Project\Web Company Profile\TriftWear_CompanyProfile\system\Database\MySQLi\Connection.php:173
Stack trace:
#0 D:\Project\Web Company Profile\TriftWear_CompanyProfile\system\Database\MySQLi\Connection.php(173): mysqli->real_connect('localhost', 'root', Object(SensitiveParameterValue), 'u1658729_duapul...', 3306, '', 0)
#1 D:\Project\Web Company Profile\TriftWear_CompanyProfile\system\Database\BaseConnection.php(391): CodeIgniter\Database\MySQLi\Connection->connect(false)
#2 D:\Project\Web Company Profile\TriftWear_CompanyProfile\system\Database\BaseConnection.php(574): CodeIgniter\Database\BaseConnection->initialize()
#3 D:\Project\Web Company Profile\TriftWear_CompanyProfile\system\Database\BaseBuilder.php(1616): CodeIgniter\Database\BaseConnection->query('SELECT *\nFROM `...', Array, false)
#4 D:\Project\Web Company Profile\TriftWear_CompanyProfile\system\Model.php(241): CodeIgniter\Database\BaseBuilder->get()
#5 D:\Project\Web Company Profile\TriftWear_CompanyProfile\system\BaseModel.php(618): CodeIgniter\Model->doFindAll(0, 0)
#6 D:\Project\Web Company Profile\TriftWear_CompanyProfile\app\Controllers\user\Homectrl.php(31): CodeIgniter\BaseModel->findAll()
#7 D:\Project\Web Company Profile\TriftWear_CompanyProfile\system\CodeIgniter.php(932): App\Controllers\user\Homectrl->index()
#8 D:\Project\Web Company Profile\TriftWear_CompanyProfile\system\CodeIgniter.php(497): CodeIgniter\CodeIgniter->runController(Object(App\Controllers\user\Homectrl))
#9 D:\Project\Web Company Profile\TriftWear_CompanyProfile\system\CodeIgniter.php(366): CodeIgniter\CodeIgniter->handleRequest(NULL, Object(Config\Cache), false)
#10 D:\Project\Web Company Profile\TriftWear_CompanyProfile\public\index.php(67): CodeIgniter\CodeIgniter->run()
#11 D:\Project\Web Company Profile\TriftWear_CompanyProfile\system\Commands\Server\rewrite.php(47): require_once('D:\\Project\\Web ...')
#12 {main}

Next CodeIgniter\Database\Exceptions\DatabaseException: Unknown database 'u1658729_duapuluhsembilan' in D:\Project\Web Company Profile\TriftWear_CompanyProfile\system\Database\MySQLi\Connection.php:218
Stack trace:
#0 D:\Project\Web Company Profile\TriftWear_CompanyProfile\system\Database\BaseConnection.php(391): CodeIgniter\Database\MySQLi\Connection->connect(false)
#1 D:\Project\Web Company Profile\TriftWear_CompanyProfile\system\Database\BaseConnection.php(574): CodeIgniter\Database\BaseConnection->initialize()
#2 D:\Project\Web Company Profile\TriftWear_CompanyProfile\system\Database\BaseBuilder.php(1616): CodeIgniter\Database\BaseConnection->query('SELECT *\nFROM `...', Array, false)
#3 D:\Project\Web Company Profile\TriftWear_CompanyProfile\system\Model.php(241): CodeIgniter\Database\BaseBuilder->get()
#4 D:\Project\Web Company Profile\TriftWear_CompanyProfile\system\BaseModel.php(618): CodeIgniter\Model->doFindAll(0, 0)
#5 D:\Project\Web Company Profile\TriftWear_CompanyProfile\app\Controllers\user\Homectrl.php(31): CodeIgniter\BaseModel->findAll()
#6 D:\Project\Web Company Profile\TriftWear_CompanyProfile\system\CodeIgniter.php(932): App\Controllers\user\Homectrl->index()
#7 D:\Project\Web Company Profile\TriftWear_CompanyProfile\system\CodeIgniter.php(497): CodeIgniter\CodeIgniter->runController(Object(App\Controllers\user\Homectrl))
#8 D:\Project\Web Company Profile\TriftWear_CompanyProfile\system\CodeIgniter.php(366): CodeIgniter\CodeIgniter->handleRequest(NULL, Object(Config\Cache), false)
#9 D:\Project\Web Company Profile\TriftWear_CompanyProfile\public\index.php(67): CodeIgniter\CodeIgniter->run()
#10 D:\Project\Web Company Profile\TriftWear_CompanyProfile\system\Commands\Server\rewrite.php(47): require_once('D:\\Project\\Web ...')
#11 {main}
CRITICAL - 2024-11-30 03:15:23 --> Unable to connect to the database.
Main connection [MySQLi]: Unknown database 'u1658729_duapuluhsembilan'
in SYSTEMPATH\Database\BaseConnection.php on line 427.
 1 SYSTEMPATH\Database\BaseConnection.php(574): CodeIgniter\Database\BaseConnection->initialize()
 2 SYSTEMPATH\Database\BaseBuilder.php(1616): CodeIgniter\Database\BaseConnection->query('SELECT *
FROM `tb_profil`', [], false)
 3 SYSTEMPATH\Model.php(241): CodeIgniter\Database\BaseBuilder->get()
 4 SYSTEMPATH\BaseModel.php(618): CodeIgniter\Model->doFindAll(0, 0)
 5 APPPATH\Controllers\user\Homectrl.php(31): CodeIgniter\BaseModel->findAll()
 6 SYSTEMPATH\CodeIgniter.php(932): App\Controllers\user\Homectrl->index()
 7 SYSTEMPATH\CodeIgniter.php(497): CodeIgniter\CodeIgniter->runController(Object(App\Controllers\user\Homectrl))
 8 SYSTEMPATH\CodeIgniter.php(366): CodeIgniter\CodeIgniter->handleRequest(null, Object(Config\Cache), false)
 9 FCPATH\index.php(67): CodeIgniter\CodeIgniter->run()
10 SYSTEMPATH\Commands\Server\rewrite.php(47): require_once('D:\\Project\\Web Company Profile\\TriftWear_CompanyProfile\\public\\index.php')
INFO - 2024-11-30 03:15:24 --> Session: Class initialized using 'CodeIgniter\Session\Handlers\FileHandler' driver.
ERROR - 2024-11-30 03:15:24 --> Error connecting to the database: mysqli_sql_exception: Unknown database 'u1658729_duapuluhsembilan' in D:\Project\Web Company Profile\TriftWear_CompanyProfile\system\Database\MySQLi\Connection.php:173
Stack trace:
#0 D:\Project\Web Company Profile\TriftWear_CompanyProfile\system\Database\MySQLi\Connection.php(173): mysqli->real_connect('localhost', 'root', Object(SensitiveParameterValue), 'u1658729_duapul...', 3306, '', 0)
#1 D:\Project\Web Company Profile\TriftWear_CompanyProfile\system\Database\BaseConnection.php(391): CodeIgniter\Database\MySQLi\Connection->connect(false)
#2 D:\Project\Web Company Profile\TriftWear_CompanyProfile\system\Database\BaseConnection.php(574): CodeIgniter\Database\BaseConnection->initialize()
#3 D:\Project\Web Company Profile\TriftWear_CompanyProfile\system\Database\BaseBuilder.php(1616): CodeIgniter\Database\BaseConnection->query('SELECT *\nFROM `...', Array, false)
#4 D:\Project\Web Company Profile\TriftWear_CompanyProfile\system\Model.php(241): CodeIgniter\Database\BaseBuilder->get()
#5 D:\Project\Web Company Profile\TriftWear_CompanyProfile\system\BaseModel.php(618): CodeIgniter\Model->doFindAll(0, 0)
#6 D:\Project\Web Company Profile\TriftWear_CompanyProfile\app\Controllers\user\Homectrl.php(31): CodeIgniter\BaseModel->findAll()
#7 D:\Project\Web Company Profile\TriftWear_CompanyProfile\system\CodeIgniter.php(932): App\Controllers\user\Homectrl->index()
#8 D:\Project\Web Company Profile\TriftWear_CompanyProfile\system\CodeIgniter.php(497): CodeIgniter\CodeIgniter->runController(Object(App\Controllers\user\Homectrl))
#9 D:\Project\Web Company Profile\TriftWear_CompanyProfile\system\CodeIgniter.php(366): CodeIgniter\CodeIgniter->handleRequest(NULL, Object(Config\Cache), false)
#10 D:\Project\Web Company Profile\TriftWear_CompanyProfile\public\index.php(67): CodeIgniter\CodeIgniter->run()
#11 D:\Project\Web Company Profile\TriftWear_CompanyProfile\system\Commands\Server\rewrite.php(47): require_once('D:\\Project\\Web ...')
#12 {main}

Next CodeIgniter\Database\Exceptions\DatabaseException: Unknown database 'u1658729_duapuluhsembilan' in D:\Project\Web Company Profile\TriftWear_CompanyProfile\system\Database\MySQLi\Connection.php:218
Stack trace:
#0 D:\Project\Web Company Profile\TriftWear_CompanyProfile\system\Database\BaseConnection.php(391): CodeIgniter\Database\MySQLi\Connection->connect(false)
#1 D:\Project\Web Company Profile\TriftWear_CompanyProfile\system\Database\BaseConnection.php(574): CodeIgniter\Database\BaseConnection->initialize()
#2 D:\Project\Web Company Profile\TriftWear_CompanyProfile\system\Database\BaseBuilder.php(1616): CodeIgniter\Database\BaseConnection->query('SELECT *\nFROM `...', Array, false)
#3 D:\Project\Web Company Profile\TriftWear_CompanyProfile\system\Model.php(241): CodeIgniter\Database\BaseBuilder->get()
#4 D:\Project\Web Company Profile\TriftWear_CompanyProfile\system\BaseModel.php(618): CodeIgniter\Model->doFindAll(0, 0)
#5 D:\Project\Web Company Profile\TriftWear_CompanyProfile\app\Controllers\user\Homectrl.php(31): CodeIgniter\BaseModel->findAll()
#6 D:\Project\Web Company Profile\TriftWear_CompanyProfile\system\CodeIgniter.php(932): App\Controllers\user\Homectrl->index()
#7 D:\Project\Web Company Profile\TriftWear_CompanyProfile\system\CodeIgniter.php(497): CodeIgniter\CodeIgniter->runController(Object(App\Controllers\user\Homectrl))
#8 D:\Project\Web Company Profile\TriftWear_CompanyProfile\system\CodeIgniter.php(366): CodeIgniter\CodeIgniter->handleRequest(NULL, Object(Config\Cache), false)
#9 D:\Project\Web Company Profile\TriftWear_CompanyProfile\public\index.php(67): CodeIgniter\CodeIgniter->run()
#10 D:\Project\Web Company Profile\TriftWear_CompanyProfile\system\Commands\Server\rewrite.php(47): require_once('D:\\Project\\Web ...')
#11 {main}
CRITICAL - 2024-11-30 03:15:24 --> Unable to connect to the database.
Main connection [MySQLi]: Unknown database 'u1658729_duapuluhsembilan'
in SYSTEMPATH\Database\BaseConnection.php on line 427.
 1 SYSTEMPATH\Database\BaseConnection.php(574): CodeIgniter\Database\BaseConnection->initialize()
 2 SYSTEMPATH\Database\BaseBuilder.php(1616): CodeIgniter\Database\BaseConnection->query('SELECT *
FROM `tb_profil`', [], false)
 3 SYSTEMPATH\Model.php(241): CodeIgniter\Database\BaseBuilder->get()
 4 SYSTEMPATH\BaseModel.php(618): CodeIgniter\Model->doFindAll(0, 0)
 5 APPPATH\Controllers\user\Homectrl.php(31): CodeIgniter\BaseModel->findAll()
 6 SYSTEMPATH\CodeIgniter.php(932): App\Controllers\user\Homectrl->index()
 7 SYSTEMPATH\CodeIgniter.php(497): CodeIgniter\CodeIgniter->runController(Object(App\Controllers\user\Homectrl))
 8 SYSTEMPATH\CodeIgniter.php(366): CodeIgniter\CodeIgniter->handleRequest(null, Object(Config\Cache), false)
 9 FCPATH\index.php(67): CodeIgniter\CodeIgniter->run()
10 SYSTEMPATH\Commands\Server\rewrite.php(47): require_once('D:\\Project\\Web Company Profile\\TriftWear_CompanyProfile\\public\\index.php')
INFO - 2024-11-30 03:15:37 --> Session: Class initialized using 'CodeIgniter\Session\Handlers\FileHandler' driver.
ERROR - 2024-11-30 03:15:37 --> Error connecting to the database: mysqli_sql_exception: Unknown database 'u1658729_duapuluhsembilan' in D:\Project\Web Company Profile\TriftWear_CompanyProfile\system\Database\MySQLi\Connection.php:173
Stack trace:
#0 D:\Project\Web Company Profile\TriftWear_CompanyProfile\system\Database\MySQLi\Connection.php(173): mysqli->real_connect('localhost', 'root', Object(SensitiveParameterValue), 'u1658729_duapul...', 3306, '', 0)
#1 D:\Project\Web Company Profile\TriftWear_CompanyProfile\system\Database\BaseConnection.php(391): CodeIgniter\Database\MySQLi\Connection->connect(false)
#2 D:\Project\Web Company Profile\TriftWear_CompanyProfile\system\Database\BaseConnection.php(574): CodeIgniter\Database\BaseConnection->initialize()
#3 D:\Project\Web Company Profile\TriftWear_CompanyProfile\system\Database\BaseBuilder.php(1616): CodeIgniter\Database\BaseConnection->query('SELECT *\nFROM `...', Array, false)
#4 D:\Project\Web Company Profile\TriftWear_CompanyProfile\system\Model.php(241): CodeIgniter\Database\BaseBuilder->get()
#5 D:\Project\Web Company Profile\TriftWear_CompanyProfile\system\BaseModel.php(618): CodeIgniter\Model->doFindAll(0, 0)
#6 D:\Project\Web Company Profile\TriftWear_CompanyProfile\app\Controllers\user\Homectrl.php(31): CodeIgniter\BaseModel->findAll()
#7 D:\Project\Web Company Profile\TriftWear_CompanyProfile\system\CodeIgniter.php(932): App\Controllers\user\Homectrl->index()
#8 D:\Project\Web Company Profile\TriftWear_CompanyProfile\system\CodeIgniter.php(497): CodeIgniter\CodeIgniter->runController(Object(App\Controllers\user\Homectrl))
#9 D:\Project\Web Company Profile\TriftWear_CompanyProfile\system\CodeIgniter.php(366): CodeIgniter\CodeIgniter->handleRequest(NULL, Object(Config\Cache), false)
#10 D:\Project\Web Company Profile\TriftWear_CompanyProfile\public\index.php(67): CodeIgniter\CodeIgniter->run()
#11 D:\Project\Web Company Profile\TriftWear_CompanyProfile\system\Commands\Server\rewrite.php(47): require_once('D:\\Project\\Web ...')
#12 {main}

Next CodeIgniter\Database\Exceptions\DatabaseException: Unknown database 'u1658729_duapuluhsembilan' in D:\Project\Web Company Profile\TriftWear_CompanyProfile\system\Database\MySQLi\Connection.php:218
Stack trace:
#0 D:\Project\Web Company Profile\TriftWear_CompanyProfile\system\Database\BaseConnection.php(391): CodeIgniter\Database\MySQLi\Connection->connect(false)
#1 D:\Project\Web Company Profile\TriftWear_CompanyProfile\system\Database\BaseConnection.php(574): CodeIgniter\Database\BaseConnection->initialize()
#2 D:\Project\Web Company Profile\TriftWear_CompanyProfile\system\Database\BaseBuilder.php(1616): CodeIgniter\Database\BaseConnection->query('SELECT *\nFROM `...', Array, false)
#3 D:\Project\Web Company Profile\TriftWear_CompanyProfile\system\Model.php(241): CodeIgniter\Database\BaseBuilder->get()
#4 D:\Project\Web Company Profile\TriftWear_CompanyProfile\system\BaseModel.php(618): CodeIgniter\Model->doFindAll(0, 0)
#5 D:\Project\Web Company Profile\TriftWear_CompanyProfile\app\Controllers\user\Homectrl.php(31): CodeIgniter\BaseModel->findAll()
#6 D:\Project\Web Company Profile\TriftWear_CompanyProfile\system\CodeIgniter.php(932): App\Controllers\user\Homectrl->index()
#7 D:\Project\Web Company Profile\TriftWear_CompanyProfile\system\CodeIgniter.php(497): CodeIgniter\CodeIgniter->runController(Object(App\Controllers\user\Homectrl))
#8 D:\Project\Web Company Profile\TriftWear_CompanyProfile\system\CodeIgniter.php(366): CodeIgniter\CodeIgniter->handleRequest(NULL, Object(Config\Cache), false)
#9 D:\Project\Web Company Profile\TriftWear_CompanyProfile\public\index.php(67): CodeIgniter\CodeIgniter->run()
#10 D:\Project\Web Company Profile\TriftWear_CompanyProfile\system\Commands\Server\rewrite.php(47): require_once('D:\\Project\\Web ...')
#11 {main}
CRITICAL - 2024-11-30 03:15:37 --> Unable to connect to the database.
Main connection [MySQLi]: Unknown database 'u1658729_duapuluhsembilan'
in SYSTEMPATH\Database\BaseConnection.php on line 427.
 1 SYSTEMPATH\Database\BaseConnection.php(574): CodeIgniter\Database\BaseConnection->initialize()
 2 SYSTEMPATH\Database\BaseBuilder.php(1616): CodeIgniter\Database\BaseConnection->query('SELECT *
FROM `tb_profil`', [], false)
 3 SYSTEMPATH\Model.php(241): CodeIgniter\Database\BaseBuilder->get()
 4 SYSTEMPATH\BaseModel.php(618): CodeIgniter\Model->doFindAll(0, 0)
 5 APPPATH\Controllers\user\Homectrl.php(31): CodeIgniter\BaseModel->findAll()
 6 SYSTEMPATH\CodeIgniter.php(932): App\Controllers\user\Homectrl->index()
 7 SYSTEMPATH\CodeIgniter.php(497): CodeIgniter\CodeIgniter->runController(Object(App\Controllers\user\Homectrl))
 8 SYSTEMPATH\CodeIgniter.php(366): CodeIgniter\CodeIgniter->handleRequest(null, Object(Config\Cache), false)
 9 FCPATH\index.php(67): CodeIgniter\CodeIgniter->run()
10 SYSTEMPATH\Commands\Server\rewrite.php(47): require_once('D:\\Project\\Web Company Profile\\TriftWear_CompanyProfile\\public\\index.php')
INFO - 2024-11-30 03:15:42 --> Session: Class initialized using 'CodeIgniter\Session\Handlers\FileHandler' driver.
ERROR - 2024-11-30 03:15:42 --> Error connecting to the database: mysqli_sql_exception: Unknown database 'u1658729_duapuluhsembilan' in D:\Project\Web Company Profile\TriftWear_CompanyProfile\system\Database\MySQLi\Connection.php:173
Stack trace:
#0 D:\Project\Web Company Profile\TriftWear_CompanyProfile\system\Database\MySQLi\Connection.php(173): mysqli->real_connect('localhost', 'root', Object(SensitiveParameterValue), 'u1658729_duapul...', 3306, '', 0)
#1 D:\Project\Web Company Profile\TriftWear_CompanyProfile\system\Database\BaseConnection.php(391): CodeIgniter\Database\MySQLi\Connection->connect(false)
#2 D:\Project\Web Company Profile\TriftWear_CompanyProfile\system\Database\BaseConnection.php(574): CodeIgniter\Database\BaseConnection->initialize()
#3 D:\Project\Web Company Profile\TriftWear_CompanyProfile\system\Database\BaseBuilder.php(1616): CodeIgniter\Database\BaseConnection->query('SELECT *\nFROM `...', Array, false)
#4 D:\Project\Web Company Profile\TriftWear_CompanyProfile\system\Model.php(241): CodeIgniter\Database\BaseBuilder->get()
#5 D:\Project\Web Company Profile\TriftWear_CompanyProfile\system\BaseModel.php(618): CodeIgniter\Model->doFindAll(0, 0)
#6 D:\Project\Web Company Profile\TriftWear_CompanyProfile\app\Controllers\user\Homectrl.php(31): CodeIgniter\BaseModel->findAll()
#7 D:\Project\Web Company Profile\TriftWear_CompanyProfile\system\CodeIgniter.php(932): App\Controllers\user\Homectrl->index()
#8 D:\Project\Web Company Profile\TriftWear_CompanyProfile\system\CodeIgniter.php(497): CodeIgniter\CodeIgniter->runController(Object(App\Controllers\user\Homectrl))
#9 D:\Project\Web Company Profile\TriftWear_CompanyProfile\system\CodeIgniter.php(366): CodeIgniter\CodeIgniter->handleRequest(NULL, Object(Config\Cache), false)
#10 D:\Project\Web Company Profile\TriftWear_CompanyProfile\public\index.php(67): CodeIgniter\CodeIgniter->run()
#11 D:\Project\Web Company Profile\TriftWear_CompanyProfile\system\Commands\Server\rewrite.php(47): require_once('D:\\Project\\Web ...')
#12 {main}

Next CodeIgniter\Database\Exceptions\DatabaseException: Unknown database 'u1658729_duapuluhsembilan' in D:\Project\Web Company Profile\TriftWear_CompanyProfile\system\Database\MySQLi\Connection.php:218
Stack trace:
#0 D:\Project\Web Company Profile\TriftWear_CompanyProfile\system\Database\BaseConnection.php(391): CodeIgniter\Database\MySQLi\Connection->connect(false)
#1 D:\Project\Web Company Profile\TriftWear_CompanyProfile\system\Database\BaseConnection.php(574): CodeIgniter\Database\BaseConnection->initialize()
#2 D:\Project\Web Company Profile\TriftWear_CompanyProfile\system\Database\BaseBuilder.php(1616): CodeIgniter\Database\BaseConnection->query('SELECT *\nFROM `...', Array, false)
#3 D:\Project\Web Company Profile\TriftWear_CompanyProfile\system\Model.php(241): CodeIgniter\Database\BaseBuilder->get()
#4 D:\Project\Web Company Profile\TriftWear_CompanyProfile\system\BaseModel.php(618): CodeIgniter\Model->doFindAll(0, 0)
#5 D:\Project\Web Company Profile\TriftWear_CompanyProfile\app\Controllers\user\Homectrl.php(31): CodeIgniter\BaseModel->findAll()
#6 D:\Project\Web Company Profile\TriftWear_CompanyProfile\system\CodeIgniter.php(932): App\Controllers\user\Homectrl->index()
#7 D:\Project\Web Company Profile\TriftWear_CompanyProfile\system\CodeIgniter.php(497): CodeIgniter\CodeIgniter->runController(Object(App\Controllers\user\Homectrl))
#8 D:\Project\Web Company Profile\TriftWear_CompanyProfile\system\CodeIgniter.php(366): CodeIgniter\CodeIgniter->handleRequest(NULL, Object(Config\Cache), false)
#9 D:\Project\Web Company Profile\TriftWear_CompanyProfile\public\index.php(67): CodeIgniter\CodeIgniter->run()
#10 D:\Project\Web Company Profile\TriftWear_CompanyProfile\system\Commands\Server\rewrite.php(47): require_once('D:\\Project\\Web ...')
#11 {main}
CRITICAL - 2024-11-30 03:15:42 --> Unable to connect to the database.
Main connection [MySQLi]: Unknown database 'u1658729_duapuluhsembilan'
in SYSTEMPATH\Database\BaseConnection.php on line 427.
 1 SYSTEMPATH\Database\BaseConnection.php(574): CodeIgniter\Database\BaseConnection->initialize()
 2 SYSTEMPATH\Database\BaseBuilder.php(1616): CodeIgniter\Database\BaseConnection->query('SELECT *
FROM `tb_profil`', [], false)
 3 SYSTEMPATH\Model.php(241): CodeIgniter\Database\BaseBuilder->get()
 4 SYSTEMPATH\BaseModel.php(618): CodeIgniter\Model->doFindAll(0, 0)
 5 APPPATH\Controllers\user\Homectrl.php(31): CodeIgniter\BaseModel->findAll()
 6 SYSTEMPATH\CodeIgniter.php(932): App\Controllers\user\Homectrl->index()
 7 SYSTEMPATH\CodeIgniter.php(497): CodeIgniter\CodeIgniter->runController(Object(App\Controllers\user\Homectrl))
 8 SYSTEMPATH\CodeIgniter.php(366): CodeIgniter\CodeIgniter->handleRequest(null, Object(Config\Cache), false)
 9 FCPATH\index.php(67): CodeIgniter\CodeIgniter->run()
10 SYSTEMPATH\Commands\Server\rewrite.php(47): require_once('D:\\Project\\Web Company Profile\\TriftWear_CompanyProfile\\public\\index.php')
INFO - 2024-11-30 03:16:00 --> Session: Class initialized using 'CodeIgniter\Session\Handlers\FileHandler' driver.
INFO - 2024-11-30 03:16:15 --> Session: Class initialized using 'CodeIgniter\Session\Handlers\FileHandler' driver.
INFO - 2024-11-30 03:16:16 --> Session: Class initialized using 'CodeIgniter\Session\Handlers\FileHandler' driver.
INFO - 2024-11-30 03:23:07 --> Session: Class initialized using 'CodeIgniter\Session\Handlers\FileHandler' driver.
