INFO - 2024-08-20 02:07:10 --> Session: Class initialized using 'CodeIgniter\Session\Handlers\FileHandler' driver.
INFO - 2024-08-20 02:08:15 --> Session: Class initialized using 'CodeIgniter\Session\Handlers\FileHandler' driver.
INFO - 2024-08-20 02:08:22 --> Session: Class initialized using 'CodeIgniter\Session\Handlers\FileHandler' driver.
INFO - 2024-08-20 03:42:32 --> Session: Class initialized using 'CodeIgniter\Session\Handlers\FileHandler' driver.
INFO - 2024-08-20 03:42:35 --> Session: Class initialized using 'CodeIgniter\Session\Handlers\FileHandler' driver.
INFO - 2024-08-20 04:41:35 --> Session: Class initialized using 'CodeIgniter\Session\Handlers\FileHandler' driver.
INFO - 2024-08-20 04:41:42 --> Session: Class initialized using 'CodeIgniter\Session\Handlers\FileHandler' driver.
INFO - 2024-08-20 04:41:54 --> Session: Class initialized using 'CodeIgniter\Session\Handlers\FileHandler' driver.
INFO - 2024-08-20 04:42:29 --> Session: Class initialized using 'CodeIgniter\Session\Handlers\FileHandler' driver.
INFO - 2024-08-20 04:42:35 --> CSRF token verified.
INFO - 2024-08-20 04:42:35 --> Session: Class initialized using 'CodeIgniter\Session\Handlers\FileHandler' driver.
INFO - 2024-08-20 04:42:35 --> Session: Class initialized using 'CodeIgniter\Session\Handlers\FileHandler' driver.
INFO - 2024-08-20 04:43:18 --> Session: Class initialized using 'CodeIgniter\Session\Handlers\FileHandler' driver.
INFO - 2024-08-20 04:43:25 --> Session: Class initialized using 'CodeIgniter\Session\Handlers\FileHandler' driver.
INFO - 2024-08-20 04:44:32 --> Session: Class initialized using 'CodeIgniter\Session\Handlers\FileHandler' driver.
INFO - 2024-08-20 04:44:37 --> Session: Class initialized using 'CodeIgniter\Session\Handlers\FileHandler' driver.
INFO - 2024-08-20 04:45:39 --> Session: Class initialized using 'CodeIgniter\Session\Handlers\FileHandler' driver.
INFO - 2024-08-20 04:46:36 --> Session: Class initialized using 'CodeIgniter\Session\Handlers\FileHandler' driver.
INFO - 2024-08-20 04:48:56 --> Session: Class initialized using 'CodeIgniter\Session\Handlers\FileHandler' driver.
INFO - 2024-08-20 04:48:57 --> Session: Class initialized using 'CodeIgniter\Session\Handlers\FileHandler' driver.
INFO - 2024-08-20 04:48:57 --> Session: Class initialized using 'CodeIgniter\Session\Handlers\FileHandler' driver.
CRITICAL - 2024-08-20 04:48:57 --> Attempt to read property "foto_artikel" on null
in APPPATH\Controllers\admin\Artikel.php on line 163.
 1 APPPATH\Controllers\admin\Artikel.php(163): CodeIgniter\Debug\Exceptions->errorHandler(2, 'Attempt to read property "foto_artikel" on null', 'C:\\project\\arfie.kadinkotamalang.com\\29\\app\\Controllers\\admin\\Artikel.php', 163)
 2 SYSTEMPATH\CodeIgniter.php(932): App\Controllers\admin\Artikel->delete('3')
 3 SYSTEMPATH\CodeIgniter.php(497): CodeIgniter\CodeIgniter->runController(Object(App\Controllers\admin\Artikel))
 4 SYSTEMPATH\CodeIgniter.php(366): CodeIgniter\CodeIgniter->handleRequest(null, Object(Config\Cache), false)
 5 FCPATH\index.php(67): CodeIgniter\CodeIgniter->run()
 6 SYSTEMPATH\Commands\Server\rewrite.php(47): require_once('C:\\project\\arfie.kadinkotamalang.com\\29\\public\\index.php')
INFO - 2024-08-20 04:49:11 --> Session: Class initialized using 'CodeIgniter\Session\Handlers\FileHandler' driver.
INFO - 2024-08-20 04:49:15 --> Session: Class initialized using 'CodeIgniter\Session\Handlers\FileHandler' driver.
CRITICAL - 2024-08-20 04:49:15 --> unlink(asset-user/images/img_sq_8.jpg): No such file or directory
in APPPATH\Controllers\admin\Artikel.php on line 163.
 1 [internal function]: CodeIgniter\Debug\Exceptions->errorHandler(2, 'unlink(asset-user/images/img_sq_8.jpg): No such file or directory', 'C:\\project\\arfie.kadinkotamalang.com\\29\\app\\Controllers\\admin\\Artikel.php', 163)
 2 APPPATH\Controllers\admin\Artikel.php(163): unlink('asset-user/images/img_sq_8.jpg')
 3 SYSTEMPATH\CodeIgniter.php(932): App\Controllers\admin\Artikel->delete('2')
 4 SYSTEMPATH\CodeIgniter.php(497): CodeIgniter\CodeIgniter->runController(Object(App\Controllers\admin\Artikel))
 5 SYSTEMPATH\CodeIgniter.php(366): CodeIgniter\CodeIgniter->handleRequest(null, Object(Config\Cache), false)
 6 FCPATH\index.php(67): CodeIgniter\CodeIgniter->run()
 7 SYSTEMPATH\Commands\Server\rewrite.php(47): require_once('C:\\project\\arfie.kadinkotamalang.com\\29\\public\\index.php')
INFO - 2024-08-20 04:49:24 --> Session: Class initialized using 'CodeIgniter\Session\Handlers\FileHandler' driver.
INFO - 2024-08-20 04:49:30 --> Session: Class initialized using 'CodeIgniter\Session\Handlers\FileHandler' driver.
INFO - 2024-08-20 04:49:36 --> Session: Class initialized using 'CodeIgniter\Session\Handlers\FileHandler' driver.
INFO - 2024-08-20 04:49:46 --> Session: Class initialized using 'CodeIgniter\Session\Handlers\FileHandler' driver.
CRITICAL - 2024-08-20 04:49:46 --> Attempt to read property "id_artikel" on null
in APPPATH\Views\admin\artikel\edit.php on line 17.
 1 APPPATH\Views\admin\artikel\edit.php(17): CodeIgniter\Debug\Exceptions->errorHandler(2, 'Attempt to read property "id_artikel" on null', 'C:\\project\\arfie.kadinkotamalang.com\\29\\app\\Views\\admin\\artikel\\edit.php', 17)
 2 SYSTEMPATH\View\View.php(224): include('C:\\project\\arfie.kadinkotamalang.com\\29\\app\\Views\\admin\\artikel\\edit.php')
 3 SYSTEMPATH\View\View.php(227): CodeIgniter\View\View->CodeIgniter\View\{closure}()
 4 SYSTEMPATH\Common.php(1180): CodeIgniter\View\View->render('admin/artikel/edit', [], true)
 5 APPPATH\Controllers\admin\Artikel.php(96): view('admin/artikel/edit', [...])
 6 SYSTEMPATH\CodeIgniter.php(932): App\Controllers\admin\Artikel->edit('favicon.ico')
 7 SYSTEMPATH\CodeIgniter.php(497): CodeIgniter\CodeIgniter->runController(Object(App\Controllers\admin\Artikel))
 8 SYSTEMPATH\CodeIgniter.php(366): CodeIgniter\CodeIgniter->handleRequest(null, Object(Config\Cache), false)
 9 FCPATH\index.php(67): CodeIgniter\CodeIgniter->run()
10 SYSTEMPATH\Commands\Server\rewrite.php(47): require_once('C:\\project\\arfie.kadinkotamalang.com\\29\\public\\index.php')
INFO - 2024-08-20 04:49:51 --> CSRF token verified.
INFO - 2024-08-20 04:49:51 --> Session: Class initialized using 'CodeIgniter\Session\Handlers\FileHandler' driver.
INFO - 2024-08-20 04:49:52 --> Session: Class initialized using 'CodeIgniter\Session\Handlers\FileHandler' driver.
INFO - 2024-08-20 04:49:57 --> Session: Class initialized using 'CodeIgniter\Session\Handlers\FileHandler' driver.
INFO - 2024-08-20 04:49:57 --> Session: Class initialized using 'CodeIgniter\Session\Handlers\FileHandler' driver.
INFO - 2024-08-20 04:50:02 --> Session: Class initialized using 'CodeIgniter\Session\Handlers\FileHandler' driver.
INFO - 2024-08-20 04:50:11 --> Session: Class initialized using 'CodeIgniter\Session\Handlers\FileHandler' driver.
CRITICAL - 2024-08-20 04:50:11 --> Attempt to read property "id_artikel" on null
in APPPATH\Views\admin\artikel\edit.php on line 17.
 1 APPPATH\Views\admin\artikel\edit.php(17): CodeIgniter\Debug\Exceptions->errorHandler(2, 'Attempt to read property "id_artikel" on null', 'C:\\project\\arfie.kadinkotamalang.com\\29\\app\\Views\\admin\\artikel\\edit.php', 17)
 2 SYSTEMPATH\View\View.php(224): include('C:\\project\\arfie.kadinkotamalang.com\\29\\app\\Views\\admin\\artikel\\edit.php')
 3 SYSTEMPATH\View\View.php(227): CodeIgniter\View\View->CodeIgniter\View\{closure}()
 4 SYSTEMPATH\Common.php(1180): CodeIgniter\View\View->render('admin/artikel/edit', [], true)
 5 APPPATH\Controllers\admin\Artikel.php(96): view('admin/artikel/edit', [...])
 6 SYSTEMPATH\CodeIgniter.php(932): App\Controllers\admin\Artikel->edit('favicon.ico')
 7 SYSTEMPATH\CodeIgniter.php(497): CodeIgniter\CodeIgniter->runController(Object(App\Controllers\admin\Artikel))
 8 SYSTEMPATH\CodeIgniter.php(366): CodeIgniter\CodeIgniter->handleRequest(null, Object(Config\Cache), false)
 9 FCPATH\index.php(67): CodeIgniter\CodeIgniter->run()
10 SYSTEMPATH\Commands\Server\rewrite.php(47): require_once('C:\\project\\arfie.kadinkotamalang.com\\29\\public\\index.php')
INFO - 2024-08-20 04:50:16 --> CSRF token verified.
INFO - 2024-08-20 04:50:16 --> Session: Class initialized using 'CodeIgniter\Session\Handlers\FileHandler' driver.
INFO - 2024-08-20 04:50:17 --> Session: Class initialized using 'CodeIgniter\Session\Handlers\FileHandler' driver.
INFO - 2024-08-20 04:50:17 --> CSRF token verified.
INFO - 2024-08-20 04:50:17 --> Session: Class initialized using 'CodeIgniter\Session\Handlers\FileHandler' driver.
INFO - 2024-08-20 04:50:18 --> Session: Class initialized using 'CodeIgniter\Session\Handlers\FileHandler' driver.
INFO - 2024-08-20 04:50:19 --> Session: Class initialized using 'CodeIgniter\Session\Handlers\FileHandler' driver.
INFO - 2024-08-20 04:50:24 --> Session: Class initialized using 'CodeIgniter\Session\Handlers\FileHandler' driver.
INFO - 2024-08-20 04:50:29 --> Session: Class initialized using 'CodeIgniter\Session\Handlers\FileHandler' driver.
INFO - 2024-08-20 07:53:51 --> Session: Class initialized using 'CodeIgniter\Session\Handlers\FileHandler' driver.
INFO - 2024-08-20 07:54:05 --> Session: Class initialized using 'CodeIgniter\Session\Handlers\FileHandler' driver.
INFO - 2024-08-20 07:54:05 --> Session: Class initialized using 'CodeIgniter\Session\Handlers\FileHandler' driver.
INFO - 2024-08-20 07:54:10 --> CSRF token verified.
INFO - 2024-08-20 07:54:10 --> Session: Class initialized using 'CodeIgniter\Session\Handlers\FileHandler' driver.
INFO - 2024-08-20 07:54:10 --> Session: Class initialized using 'CodeIgniter\Session\Handlers\FileHandler' driver.
INFO - 2024-08-20 07:54:19 --> Session: Class initialized using 'CodeIgniter\Session\Handlers\FileHandler' driver.
INFO - 2024-08-20 07:54:22 --> Session: Class initialized using 'CodeIgniter\Session\Handlers\FileHandler' driver.
INFO - 2024-08-20 07:55:27 --> Session: Class initialized using 'CodeIgniter\Session\Handlers\FileHandler' driver.
INFO - 2024-08-20 07:56:03 --> Session: Class initialized using 'CodeIgniter\Session\Handlers\FileHandler' driver.
INFO - 2024-08-20 07:56:06 --> Session: Class initialized using 'CodeIgniter\Session\Handlers\FileHandler' driver.
INFO - 2024-08-20 07:56:24 --> CSRF token verified.
INFO - 2024-08-20 14:56:25 --> Session: Class initialized using 'CodeIgniter\Session\Handlers\FileHandler' driver.
INFO - 2024-08-20 07:56:25 --> Session: Class initialized using 'CodeIgniter\Session\Handlers\FileHandler' driver.
INFO - 2024-08-20 07:56:43 --> CSRF token verified.
INFO - 2024-08-20 14:56:43 --> Session: Class initialized using 'CodeIgniter\Session\Handlers\FileHandler' driver.
INFO - 2024-08-20 07:56:43 --> Session: Class initialized using 'CodeIgniter\Session\Handlers\FileHandler' driver.
INFO - 2024-08-20 07:56:55 --> Session: Class initialized using 'CodeIgniter\Session\Handlers\FileHandler' driver.
INFO - 2024-08-20 07:57:02 --> Session: Class initialized using 'CodeIgniter\Session\Handlers\FileHandler' driver.
CRITICAL - 2024-08-20 07:57:02 --> Attempt to read property "id_slider" on null
in APPPATH\Views\admin\slider\edit.php on line 11.
 1 APPPATH\Views\admin\slider\edit.php(11): CodeIgniter\Debug\Exceptions->errorHandler(2, 'Attempt to read property "id_slider" on null', 'C:\\project\\arfie.kadinkotamalang.com\\29\\app\\Views\\admin\\slider\\edit.php', 11)
 2 SYSTEMPATH\View\View.php(224): include('C:\\project\\arfie.kadinkotamalang.com\\29\\app\\Views\\admin\\slider\\edit.php')
 3 SYSTEMPATH\View\View.php(227): CodeIgniter\View\View->CodeIgniter\View\{closure}()
 4 SYSTEMPATH\Common.php(1180): CodeIgniter\View\View->render('admin/slider/edit', [], true)
 5 APPPATH\Controllers\admin\Slider.php(90): view('admin/slider/edit', [...])
 6 SYSTEMPATH\CodeIgniter.php(932): App\Controllers\admin\Slider->edit('favicon.ico')
 7 SYSTEMPATH\CodeIgniter.php(497): CodeIgniter\CodeIgniter->runController(Object(App\Controllers\admin\Slider))
 8 SYSTEMPATH\CodeIgniter.php(366): CodeIgniter\CodeIgniter->handleRequest(null, Object(Config\Cache), false)
 9 FCPATH\index.php(67): CodeIgniter\CodeIgniter->run()
10 SYSTEMPATH\Commands\Server\rewrite.php(47): require_once('C:\\project\\arfie.kadinkotamalang.com\\29\\public\\index.php')
INFO - 2024-08-20 07:57:16 --> CSRF token verified.
INFO - 2024-08-20 14:57:16 --> Session: Class initialized using 'CodeIgniter\Session\Handlers\FileHandler' driver.
INFO - 2024-08-20 07:57:17 --> Session: Class initialized using 'CodeIgniter\Session\Handlers\FileHandler' driver.
INFO - 2024-08-20 07:57:28 --> Session: Class initialized using 'CodeIgniter\Session\Handlers\FileHandler' driver.
INFO - 2024-08-20 07:57:35 --> Session: Class initialized using 'CodeIgniter\Session\Handlers\FileHandler' driver.
CRITICAL - 2024-08-20 07:57:35 --> Attempt to read property "id_slider" on null
in APPPATH\Views\admin\slider\edit.php on line 11.
 1 APPPATH\Views\admin\slider\edit.php(11): CodeIgniter\Debug\Exceptions->errorHandler(2, 'Attempt to read property "id_slider" on null', 'C:\\project\\arfie.kadinkotamalang.com\\29\\app\\Views\\admin\\slider\\edit.php', 11)
 2 SYSTEMPATH\View\View.php(224): include('C:\\project\\arfie.kadinkotamalang.com\\29\\app\\Views\\admin\\slider\\edit.php')
 3 SYSTEMPATH\View\View.php(227): CodeIgniter\View\View->CodeIgniter\View\{closure}()
 4 SYSTEMPATH\Common.php(1180): CodeIgniter\View\View->render('admin/slider/edit', [], true)
 5 APPPATH\Controllers\admin\Slider.php(90): view('admin/slider/edit', [...])
 6 SYSTEMPATH\CodeIgniter.php(932): App\Controllers\admin\Slider->edit('favicon.ico')
 7 SYSTEMPATH\CodeIgniter.php(497): CodeIgniter\CodeIgniter->runController(Object(App\Controllers\admin\Slider))
 8 SYSTEMPATH\CodeIgniter.php(366): CodeIgniter\CodeIgniter->handleRequest(null, Object(Config\Cache), false)
 9 FCPATH\index.php(67): CodeIgniter\CodeIgniter->run()
10 SYSTEMPATH\Commands\Server\rewrite.php(47): require_once('C:\\project\\arfie.kadinkotamalang.com\\29\\public\\index.php')
INFO - 2024-08-20 07:57:52 --> CSRF token verified.
INFO - 2024-08-20 14:57:52 --> Session: Class initialized using 'CodeIgniter\Session\Handlers\FileHandler' driver.
INFO - 2024-08-20 07:57:53 --> Session: Class initialized using 'CodeIgniter\Session\Handlers\FileHandler' driver.
INFO - 2024-08-20 07:58:07 --> Session: Class initialized using 'CodeIgniter\Session\Handlers\FileHandler' driver.
INFO - 2024-08-20 07:58:24 --> Session: Class initialized using 'CodeIgniter\Session\Handlers\FileHandler' driver.
INFO - 2024-08-20 07:58:51 --> CSRF token verified.
INFO - 2024-08-20 07:58:51 --> Session: Class initialized using 'CodeIgniter\Session\Handlers\FileHandler' driver.
INFO - 2024-08-20 07:58:52 --> Session: Class initialized using 'CodeIgniter\Session\Handlers\FileHandler' driver.
INFO - 2024-08-20 07:59:22 --> CSRF token verified.
INFO - 2024-08-20 07:59:22 --> Session: Class initialized using 'CodeIgniter\Session\Handlers\FileHandler' driver.
INFO - 2024-08-20 07:59:22 --> Session: Class initialized using 'CodeIgniter\Session\Handlers\FileHandler' driver.
INFO - 2024-08-20 07:59:43 --> CSRF token verified.
INFO - 2024-08-20 07:59:43 --> Session: Class initialized using 'CodeIgniter\Session\Handlers\FileHandler' driver.
INFO - 2024-08-20 07:59:43 --> Session: Class initialized using 'CodeIgniter\Session\Handlers\FileHandler' driver.
INFO - 2024-08-20 08:00:07 --> CSRF token verified.
INFO - 2024-08-20 08:00:07 --> Session: Class initialized using 'CodeIgniter\Session\Handlers\FileHandler' driver.
INFO - 2024-08-20 08:00:07 --> Session: Class initialized using 'CodeIgniter\Session\Handlers\FileHandler' driver.
INFO - 2024-08-20 08:00:23 --> CSRF token verified.
INFO - 2024-08-20 08:00:23 --> Session: Class initialized using 'CodeIgniter\Session\Handlers\FileHandler' driver.
INFO - 2024-08-20 08:00:23 --> Session: Class initialized using 'CodeIgniter\Session\Handlers\FileHandler' driver.
INFO - 2024-08-20 08:00:33 --> CSRF token verified.
INFO - 2024-08-20 08:00:33 --> Session: Class initialized using 'CodeIgniter\Session\Handlers\FileHandler' driver.
INFO - 2024-08-20 08:00:34 --> Session: Class initialized using 'CodeIgniter\Session\Handlers\FileHandler' driver.
INFO - 2024-08-20 08:01:22 --> CSRF token verified.
INFO - 2024-08-20 08:01:22 --> Session: Class initialized using 'CodeIgniter\Session\Handlers\FileHandler' driver.
INFO - 2024-08-20 08:01:23 --> Session: Class initialized using 'CodeIgniter\Session\Handlers\FileHandler' driver.
INFO - 2024-08-20 08:01:40 --> Session: Class initialized using 'CodeIgniter\Session\Handlers\FileHandler' driver.
INFO - 2024-08-20 08:03:23 --> Session: Class initialized using 'CodeIgniter\Session\Handlers\FileHandler' driver.
INFO - 2024-08-20 08:04:22 --> CSRF token verified.
INFO - 2024-08-20 08:04:22 --> Session: Class initialized using 'CodeIgniter\Session\Handlers\FileHandler' driver.
INFO - 2024-08-20 08:04:22 --> Session: Class initialized using 'CodeIgniter\Session\Handlers\FileHandler' driver.
INFO - 2024-08-20 08:05:22 --> CSRF token verified.
INFO - 2024-08-20 08:05:22 --> Session: Class initialized using 'CodeIgniter\Session\Handlers\FileHandler' driver.
INFO - 2024-08-20 08:05:22 --> Session: Class initialized using 'CodeIgniter\Session\Handlers\FileHandler' driver.
INFO - 2024-08-20 08:05:39 --> CSRF token verified.
INFO - 2024-08-20 08:05:39 --> Session: Class initialized using 'CodeIgniter\Session\Handlers\FileHandler' driver.
INFO - 2024-08-20 08:05:40 --> Session: Class initialized using 'CodeIgniter\Session\Handlers\FileHandler' driver.
INFO - 2024-08-20 08:06:16 --> CSRF token verified.
INFO - 2024-08-20 08:06:16 --> Session: Class initialized using 'CodeIgniter\Session\Handlers\FileHandler' driver.
INFO - 2024-08-20 08:06:16 --> Session: Class initialized using 'CodeIgniter\Session\Handlers\FileHandler' driver.
INFO - 2024-08-20 08:07:24 --> Session: Class initialized using 'CodeIgniter\Session\Handlers\FileHandler' driver.
INFO - 2024-08-20 08:07:31 --> Session: Class initialized using 'CodeIgniter\Session\Handlers\FileHandler' driver.
INFO - 2024-08-20 08:07:47 --> CSRF token verified.
INFO - 2024-08-20 15:07:47 --> Session: Class initialized using 'CodeIgniter\Session\Handlers\FileHandler' driver.
INFO - 2024-08-20 08:07:47 --> Session: Class initialized using 'CodeIgniter\Session\Handlers\FileHandler' driver.
INFO - 2024-08-20 08:08:02 --> CSRF token verified.
INFO - 2024-08-20 15:08:02 --> Session: Class initialized using 'CodeIgniter\Session\Handlers\FileHandler' driver.
INFO - 2024-08-20 08:08:02 --> Session: Class initialized using 'CodeIgniter\Session\Handlers\FileHandler' driver.
INFO - 2024-08-20 08:08:07 --> Session: Class initialized using 'CodeIgniter\Session\Handlers\FileHandler' driver.
INFO - 2024-08-20 08:08:09 --> Session: Class initialized using 'CodeIgniter\Session\Handlers\FileHandler' driver.
INFO - 2024-08-20 08:08:19 --> CSRF token verified.
INFO - 2024-08-20 08:08:19 --> Session: Class initialized using 'CodeIgniter\Session\Handlers\FileHandler' driver.
INFO - 2024-08-20 08:08:20 --> Session: Class initialized using 'CodeIgniter\Session\Handlers\FileHandler' driver.
INFO - 2024-08-20 08:08:29 --> CSRF token verified.
INFO - 2024-08-20 08:08:29 --> Session: Class initialized using 'CodeIgniter\Session\Handlers\FileHandler' driver.
INFO - 2024-08-20 08:08:30 --> Session: Class initialized using 'CodeIgniter\Session\Handlers\FileHandler' driver.
INFO - 2024-08-20 08:08:48 --> CSRF token verified.
INFO - 2024-08-20 08:08:48 --> Session: Class initialized using 'CodeIgniter\Session\Handlers\FileHandler' driver.
INFO - 2024-08-20 08:08:49 --> Session: Class initialized using 'CodeIgniter\Session\Handlers\FileHandler' driver.
INFO - 2024-08-20 08:12:12 --> Session: Class initialized using 'CodeIgniter\Session\Handlers\FileHandler' driver.
INFO - 2024-08-20 08:12:17 --> Session: Class initialized using 'CodeIgniter\Session\Handlers\FileHandler' driver.
INFO - 2024-08-20 08:12:20 --> Session: Class initialized using 'CodeIgniter\Session\Handlers\FileHandler' driver.
INFO - 2024-08-20 08:12:26 --> Session: Class initialized using 'CodeIgniter\Session\Handlers\FileHandler' driver.
INFO - 2024-08-20 08:12:58 --> Session: Class initialized using 'CodeIgniter\Session\Handlers\FileHandler' driver.
INFO - 2024-08-20 08:13:18 --> Session: Class initialized using 'CodeIgniter\Session\Handlers\FileHandler' driver.
INFO - 2024-08-20 08:13:28 --> Session: Class initialized using 'CodeIgniter\Session\Handlers\FileHandler' driver.
INFO - 2024-08-20 08:14:28 --> Session: Class initialized using 'CodeIgniter\Session\Handlers\FileHandler' driver.
INFO - 2024-08-20 08:17:37 --> Session: Class initialized using 'CodeIgniter\Session\Handlers\FileHandler' driver.
INFO - 2024-08-20 08:17:52 --> Session: Class initialized using 'CodeIgniter\Session\Handlers\FileHandler' driver.
INFO - 2024-08-20 08:21:15 --> CSRF token verified.
INFO - 2024-08-20 08:21:15 --> Session: Class initialized using 'CodeIgniter\Session\Handlers\FileHandler' driver.
INFO - 2024-08-20 08:21:15 --> Session: Class initialized using 'CodeIgniter\Session\Handlers\FileHandler' driver.
INFO - 2024-08-20 08:21:28 --> CSRF token verified.
INFO - 2024-08-20 08:21:28 --> Session: Class initialized using 'CodeIgniter\Session\Handlers\FileHandler' driver.
INFO - 2024-08-20 08:21:29 --> Session: Class initialized using 'CodeIgniter\Session\Handlers\FileHandler' driver.
INFO - 2024-08-20 08:23:02 --> CSRF token verified.
INFO - 2024-08-20 08:23:02 --> Session: Class initialized using 'CodeIgniter\Session\Handlers\FileHandler' driver.
INFO - 2024-08-20 08:23:02 --> Session: Class initialized using 'CodeIgniter\Session\Handlers\FileHandler' driver.
INFO - 2024-08-20 08:23:20 --> Session: Class initialized using 'CodeIgniter\Session\Handlers\FileHandler' driver.
INFO - 2024-08-20 08:23:29 --> Session: Class initialized using 'CodeIgniter\Session\Handlers\FileHandler' driver.
CRITICAL - 2024-08-20 08:23:29 --> Attempt to read property "id_produk" on null
in APPPATH\Views\admin\produk\edit.php on line 17.
 1 APPPATH\Views\admin\produk\edit.php(17): CodeIgniter\Debug\Exceptions->errorHandler(2, 'Attempt to read property "id_produk" on null', 'C:\\project\\arfie.kadinkotamalang.com\\29\\app\\Views\\admin\\produk\\edit.php', 17)
 2 SYSTEMPATH\View\View.php(224): include('C:\\project\\arfie.kadinkotamalang.com\\29\\app\\Views\\admin\\produk\\edit.php')
 3 SYSTEMPATH\View\View.php(227): CodeIgniter\View\View->CodeIgniter\View\{closure}()
 4 SYSTEMPATH\Common.php(1180): CodeIgniter\View\View->render('admin/produk/edit', [], true)
 5 APPPATH\Controllers\admin\Produk.php(106): view('admin/produk/edit', [...])
 6 SYSTEMPATH\CodeIgniter.php(932): App\Controllers\admin\Produk->edit('favicon.ico')
 7 SYSTEMPATH\CodeIgniter.php(497): CodeIgniter\CodeIgniter->runController(Object(App\Controllers\admin\Produk))
 8 SYSTEMPATH\CodeIgniter.php(366): CodeIgniter\CodeIgniter->handleRequest(null, Object(Config\Cache), false)
 9 FCPATH\index.php(67): CodeIgniter\CodeIgniter->run()
10 SYSTEMPATH\Commands\Server\rewrite.php(47): require_once('C:\\project\\arfie.kadinkotamalang.com\\29\\public\\index.php')
INFO - 2024-08-20 08:26:18 --> CSRF token verified.
INFO - 2024-08-20 08:26:18 --> Session: Class initialized using 'CodeIgniter\Session\Handlers\FileHandler' driver.
INFO - 2024-08-20 08:26:19 --> Session: Class initialized using 'CodeIgniter\Session\Handlers\FileHandler' driver.
INFO - 2024-08-20 08:26:27 --> Session: Class initialized using 'CodeIgniter\Session\Handlers\FileHandler' driver.
CRITICAL - 2024-08-20 08:26:27 --> Attempt to read property "id_produk" on null
in APPPATH\Views\admin\produk\edit.php on line 17.
 1 APPPATH\Views\admin\produk\edit.php(17): CodeIgniter\Debug\Exceptions->errorHandler(2, 'Attempt to read property "id_produk" on null', 'C:\\project\\arfie.kadinkotamalang.com\\29\\app\\Views\\admin\\produk\\edit.php', 17)
 2 SYSTEMPATH\View\View.php(224): include('C:\\project\\arfie.kadinkotamalang.com\\29\\app\\Views\\admin\\produk\\edit.php')
 3 SYSTEMPATH\View\View.php(227): CodeIgniter\View\View->CodeIgniter\View\{closure}()
 4 SYSTEMPATH\Common.php(1180): CodeIgniter\View\View->render('admin/produk/edit', [], true)
 5 APPPATH\Controllers\admin\Produk.php(106): view('admin/produk/edit', [...])
 6 SYSTEMPATH\CodeIgniter.php(932): App\Controllers\admin\Produk->edit('favicon.ico')
 7 SYSTEMPATH\CodeIgniter.php(497): CodeIgniter\CodeIgniter->runController(Object(App\Controllers\admin\Produk))
 8 SYSTEMPATH\CodeIgniter.php(366): CodeIgniter\CodeIgniter->handleRequest(null, Object(Config\Cache), false)
 9 FCPATH\index.php(67): CodeIgniter\CodeIgniter->run()
10 SYSTEMPATH\Commands\Server\rewrite.php(47): require_once('C:\\project\\arfie.kadinkotamalang.com\\29\\public\\index.php')
INFO - 2024-08-20 08:27:20 --> CSRF token verified.
INFO - 2024-08-20 08:27:20 --> Session: Class initialized using 'CodeIgniter\Session\Handlers\FileHandler' driver.
INFO - 2024-08-20 08:27:20 --> Session: Class initialized using 'CodeIgniter\Session\Handlers\FileHandler' driver.
INFO - 2024-08-20 08:27:28 --> Session: Class initialized using 'CodeIgniter\Session\Handlers\FileHandler' driver.
CRITICAL - 2024-08-20 08:27:28 --> Attempt to read property "id_produk" on null
in APPPATH\Views\admin\produk\edit.php on line 17.
 1 APPPATH\Views\admin\produk\edit.php(17): CodeIgniter\Debug\Exceptions->errorHandler(2, 'Attempt to read property "id_produk" on null', 'C:\\project\\arfie.kadinkotamalang.com\\29\\app\\Views\\admin\\produk\\edit.php', 17)
 2 SYSTEMPATH\View\View.php(224): include('C:\\project\\arfie.kadinkotamalang.com\\29\\app\\Views\\admin\\produk\\edit.php')
 3 SYSTEMPATH\View\View.php(227): CodeIgniter\View\View->CodeIgniter\View\{closure}()
 4 SYSTEMPATH\Common.php(1180): CodeIgniter\View\View->render('admin/produk/edit', [], true)
 5 APPPATH\Controllers\admin\Produk.php(106): view('admin/produk/edit', [...])
 6 SYSTEMPATH\CodeIgniter.php(932): App\Controllers\admin\Produk->edit('favicon.ico')
 7 SYSTEMPATH\CodeIgniter.php(497): CodeIgniter\CodeIgniter->runController(Object(App\Controllers\admin\Produk))
 8 SYSTEMPATH\CodeIgniter.php(366): CodeIgniter\CodeIgniter->handleRequest(null, Object(Config\Cache), false)
 9 FCPATH\index.php(67): CodeIgniter\CodeIgniter->run()
10 SYSTEMPATH\Commands\Server\rewrite.php(47): require_once('C:\\project\\arfie.kadinkotamalang.com\\29\\public\\index.php')
INFO - 2024-08-20 08:28:11 --> CSRF token verified.
INFO - 2024-08-20 08:28:11 --> Session: Class initialized using 'CodeIgniter\Session\Handlers\FileHandler' driver.
INFO - 2024-08-20 08:28:11 --> Session: Class initialized using 'CodeIgniter\Session\Handlers\FileHandler' driver.
INFO - 2024-08-20 08:28:21 --> Session: Class initialized using 'CodeIgniter\Session\Handlers\FileHandler' driver.
INFO - 2024-08-20 08:28:29 --> Session: Class initialized using 'CodeIgniter\Session\Handlers\FileHandler' driver.
CRITICAL - 2024-08-20 08:28:30 --> Attempt to read property "id_produk" on null
in APPPATH\Views\admin\produk\edit.php on line 17.
 1 APPPATH\Views\admin\produk\edit.php(17): CodeIgniter\Debug\Exceptions->errorHandler(2, 'Attempt to read property "id_produk" on null', 'C:\\project\\arfie.kadinkotamalang.com\\29\\app\\Views\\admin\\produk\\edit.php', 17)
 2 SYSTEMPATH\View\View.php(224): include('C:\\project\\arfie.kadinkotamalang.com\\29\\app\\Views\\admin\\produk\\edit.php')
 3 SYSTEMPATH\View\View.php(227): CodeIgniter\View\View->CodeIgniter\View\{closure}()
 4 SYSTEMPATH\Common.php(1180): CodeIgniter\View\View->render('admin/produk/edit', [], true)
 5 APPPATH\Controllers\admin\Produk.php(106): view('admin/produk/edit', [...])
 6 SYSTEMPATH\CodeIgniter.php(932): App\Controllers\admin\Produk->edit('favicon.ico')
 7 SYSTEMPATH\CodeIgniter.php(497): CodeIgniter\CodeIgniter->runController(Object(App\Controllers\admin\Produk))
 8 SYSTEMPATH\CodeIgniter.php(366): CodeIgniter\CodeIgniter->handleRequest(null, Object(Config\Cache), false)
 9 FCPATH\index.php(67): CodeIgniter\CodeIgniter->run()
10 SYSTEMPATH\Commands\Server\rewrite.php(47): require_once('C:\\project\\arfie.kadinkotamalang.com\\29\\public\\index.php')
INFO - 2024-08-20 08:29:05 --> CSRF token verified.
INFO - 2024-08-20 08:29:05 --> Session: Class initialized using 'CodeIgniter\Session\Handlers\FileHandler' driver.
INFO - 2024-08-20 08:29:05 --> Session: Class initialized using 'CodeIgniter\Session\Handlers\FileHandler' driver.
INFO - 2024-08-20 08:29:22 --> Session: Class initialized using 'CodeIgniter\Session\Handlers\FileHandler' driver.
INFO - 2024-08-20 08:29:31 --> Session: Class initialized using 'CodeIgniter\Session\Handlers\FileHandler' driver.
CRITICAL - 2024-08-20 08:29:31 --> Attempt to read property "id_produk" on null
in APPPATH\Views\admin\produk\edit.php on line 17.
 1 APPPATH\Views\admin\produk\edit.php(17): CodeIgniter\Debug\Exceptions->errorHandler(2, 'Attempt to read property "id_produk" on null', 'C:\\project\\arfie.kadinkotamalang.com\\29\\app\\Views\\admin\\produk\\edit.php', 17)
 2 SYSTEMPATH\View\View.php(224): include('C:\\project\\arfie.kadinkotamalang.com\\29\\app\\Views\\admin\\produk\\edit.php')
 3 SYSTEMPATH\View\View.php(227): CodeIgniter\View\View->CodeIgniter\View\{closure}()
 4 SYSTEMPATH\Common.php(1180): CodeIgniter\View\View->render('admin/produk/edit', [], true)
 5 APPPATH\Controllers\admin\Produk.php(106): view('admin/produk/edit', [...])
 6 SYSTEMPATH\CodeIgniter.php(932): App\Controllers\admin\Produk->edit('favicon.ico')
 7 SYSTEMPATH\CodeIgniter.php(497): CodeIgniter\CodeIgniter->runController(Object(App\Controllers\admin\Produk))
 8 SYSTEMPATH\CodeIgniter.php(366): CodeIgniter\CodeIgniter->handleRequest(null, Object(Config\Cache), false)
 9 FCPATH\index.php(67): CodeIgniter\CodeIgniter->run()
10 SYSTEMPATH\Commands\Server\rewrite.php(47): require_once('C:\\project\\arfie.kadinkotamalang.com\\29\\public\\index.php')
INFO - 2024-08-20 08:30:15 --> CSRF token verified.
INFO - 2024-08-20 08:30:15 --> Session: Class initialized using 'CodeIgniter\Session\Handlers\FileHandler' driver.
INFO - 2024-08-20 08:30:15 --> Session: Class initialized using 'CodeIgniter\Session\Handlers\FileHandler' driver.
INFO - 2024-08-20 08:30:29 --> Session: Class initialized using 'CodeIgniter\Session\Handlers\FileHandler' driver.
INFO - 2024-08-20 08:31:27 --> CSRF token verified.
INFO - 2024-08-20 08:31:27 --> Session: Class initialized using 'CodeIgniter\Session\Handlers\FileHandler' driver.
INFO - 2024-08-20 08:31:28 --> Session: Class initialized using 'CodeIgniter\Session\Handlers\FileHandler' driver.
INFO - 2024-08-20 08:31:47 --> CSRF token verified.
INFO - 2024-08-20 08:31:47 --> Session: Class initialized using 'CodeIgniter\Session\Handlers\FileHandler' driver.
INFO - 2024-08-20 08:31:48 --> Session: Class initialized using 'CodeIgniter\Session\Handlers\FileHandler' driver.
INFO - 2024-08-20 08:32:13 --> Session: Class initialized using 'CodeIgniter\Session\Handlers\FileHandler' driver.
INFO - 2024-08-20 08:32:21 --> Session: Class initialized using 'CodeIgniter\Session\Handlers\FileHandler' driver.
CRITICAL - 2024-08-20 08:32:22 --> Attempt to read property "id_produk" on null
in APPPATH\Views\admin\produk\edit.php on line 17.
 1 APPPATH\Views\admin\produk\edit.php(17): CodeIgniter\Debug\Exceptions->errorHandler(2, 'Attempt to read property "id_produk" on null', 'C:\\project\\arfie.kadinkotamalang.com\\29\\app\\Views\\admin\\produk\\edit.php', 17)
 2 SYSTEMPATH\View\View.php(224): include('C:\\project\\arfie.kadinkotamalang.com\\29\\app\\Views\\admin\\produk\\edit.php')
 3 SYSTEMPATH\View\View.php(227): CodeIgniter\View\View->CodeIgniter\View\{closure}()
 4 SYSTEMPATH\Common.php(1180): CodeIgniter\View\View->render('admin/produk/edit', [], true)
 5 APPPATH\Controllers\admin\Produk.php(106): view('admin/produk/edit', [...])
 6 SYSTEMPATH\CodeIgniter.php(932): App\Controllers\admin\Produk->edit('favicon.ico')
 7 SYSTEMPATH\CodeIgniter.php(497): CodeIgniter\CodeIgniter->runController(Object(App\Controllers\admin\Produk))
 8 SYSTEMPATH\CodeIgniter.php(366): CodeIgniter\CodeIgniter->handleRequest(null, Object(Config\Cache), false)
 9 FCPATH\index.php(67): CodeIgniter\CodeIgniter->run()
10 SYSTEMPATH\Commands\Server\rewrite.php(47): require_once('C:\\project\\arfie.kadinkotamalang.com\\29\\public\\index.php')
INFO - 2024-08-20 08:32:28 --> CSRF token verified.
INFO - 2024-08-20 08:32:28 --> Session: Class initialized using 'CodeIgniter\Session\Handlers\FileHandler' driver.
INFO - 2024-08-20 08:32:28 --> Session: Class initialized using 'CodeIgniter\Session\Handlers\FileHandler' driver.
INFO - 2024-08-20 08:32:52 --> Session: Class initialized using 'CodeIgniter\Session\Handlers\FileHandler' driver.
INFO - 2024-08-20 08:34:51 --> Session: Class initialized using 'CodeIgniter\Session\Handlers\FileHandler' driver.
INFO - 2024-08-20 08:35:00 --> Session: Class initialized using 'CodeIgniter\Session\Handlers\FileHandler' driver.
CRITICAL - 2024-08-20 08:35:00 --> unlink(asset-user/images/Blouse Top Elegance and Versatile Style_Blouse Top Elegansi dan Gaya yang Serba Guna_20082024083228.): Permission denied
in APPPATH\Controllers\admin\Produk.php on line 185.
 1 [internal function]: CodeIgniter\Debug\Exceptions->errorHandler(2, 'unlink(asset-user/images/Blouse Top Elegance and Versatile Style_Blouse Top Elegansi dan Gaya yang Serba Guna_20082024083228.): Permission denied', 'C:\\project\\arfie.kadinkotamalang.com\\29\\app\\Controllers\\admin\\Produk.php', 185)
 2 APPPATH\Controllers\admin\Produk.php(185): unlink('asset-user/images/Blouse Top Elegance and Versatile Style_Blouse Top Elegansi dan Gaya yang Serba Guna_20082024083228.')
 3 SYSTEMPATH\CodeIgniter.php(932): App\Controllers\admin\Produk->delete('10')
 4 SYSTEMPATH\CodeIgniter.php(497): CodeIgniter\CodeIgniter->runController(Object(App\Controllers\admin\Produk))
 5 SYSTEMPATH\CodeIgniter.php(366): CodeIgniter\CodeIgniter->handleRequest(null, Object(Config\Cache), false)
 6 FCPATH\index.php(67): CodeIgniter\CodeIgniter->run()
 7 SYSTEMPATH\Commands\Server\rewrite.php(47): require_once('C:\\project\\arfie.kadinkotamalang.com\\29\\public\\index.php')
INFO - 2024-08-20 08:35:02 --> Session: Class initialized using 'CodeIgniter\Session\Handlers\FileHandler' driver.
INFO - 2024-08-20 08:35:11 --> Session: Class initialized using 'CodeIgniter\Session\Handlers\FileHandler' driver.
INFO - 2024-08-20 08:35:16 --> Session: Class initialized using 'CodeIgniter\Session\Handlers\FileHandler' driver.
INFO - 2024-08-20 08:35:37 --> CSRF token verified.
INFO - 2024-08-20 08:35:37 --> Session: Class initialized using 'CodeIgniter\Session\Handlers\FileHandler' driver.
INFO - 2024-08-20 08:35:37 --> Session: Class initialized using 'CodeIgniter\Session\Handlers\FileHandler' driver.
INFO - 2024-08-20 08:35:54 --> Session: Class initialized using 'CodeIgniter\Session\Handlers\FileHandler' driver.
INFO - 2024-08-20 08:35:58 --> Session: Class initialized using 'CodeIgniter\Session\Handlers\FileHandler' driver.
CRITICAL - 2024-08-20 08:35:58 --> Attempt to read property "id_produk" on null
in APPPATH\Views\admin\produk\edit.php on line 17.
 1 APPPATH\Views\admin\produk\edit.php(17): CodeIgniter\Debug\Exceptions->errorHandler(2, 'Attempt to read property "id_produk" on null', 'C:\\project\\arfie.kadinkotamalang.com\\29\\app\\Views\\admin\\produk\\edit.php', 17)
 2 SYSTEMPATH\View\View.php(224): include('C:\\project\\arfie.kadinkotamalang.com\\29\\app\\Views\\admin\\produk\\edit.php')
 3 SYSTEMPATH\View\View.php(227): CodeIgniter\View\View->CodeIgniter\View\{closure}()
 4 SYSTEMPATH\Common.php(1180): CodeIgniter\View\View->render('admin/produk/edit', [], true)
 5 APPPATH\Controllers\admin\Produk.php(106): view('admin/produk/edit', [...])
 6 SYSTEMPATH\CodeIgniter.php(932): App\Controllers\admin\Produk->edit('favicon.ico')
 7 SYSTEMPATH\CodeIgniter.php(497): CodeIgniter\CodeIgniter->runController(Object(App\Controllers\admin\Produk))
 8 SYSTEMPATH\CodeIgniter.php(366): CodeIgniter\CodeIgniter->handleRequest(null, Object(Config\Cache), false)
 9 FCPATH\index.php(67): CodeIgniter\CodeIgniter->run()
10 SYSTEMPATH\Commands\Server\rewrite.php(47): require_once('C:\\project\\arfie.kadinkotamalang.com\\29\\public\\index.php')
INFO - 2024-08-20 08:36:24 --> CSRF token verified.
INFO - 2024-08-20 08:36:24 --> Session: Class initialized using 'CodeIgniter\Session\Handlers\FileHandler' driver.
INFO - 2024-08-20 08:36:24 --> Session: Class initialized using 'CodeIgniter\Session\Handlers\FileHandler' driver.
INFO - 2024-08-20 08:36:30 --> Session: Class initialized using 'CodeIgniter\Session\Handlers\FileHandler' driver.
INFO - 2024-08-20 08:39:08 --> Session: Class initialized using 'CodeIgniter\Session\Handlers\FileHandler' driver.
INFO - 2024-08-20 08:39:13 --> CSRF token verified.
INFO - 2024-08-20 08:39:13 --> Session: Class initialized using 'CodeIgniter\Session\Handlers\FileHandler' driver.
INFO - 2024-08-20 08:39:13 --> Session: Class initialized using 'CodeIgniter\Session\Handlers\FileHandler' driver.
INFO - 2024-08-20 08:39:24 --> Session: Class initialized using 'CodeIgniter\Session\Handlers\FileHandler' driver.
INFO - 2024-08-20 08:39:24 --> Session: Class initialized using 'CodeIgniter\Session\Handlers\FileHandler' driver.
INFO - 2024-08-20 08:39:27 --> Session: Class initialized using 'CodeIgniter\Session\Handlers\FileHandler' driver.
INFO - 2024-08-20 08:39:34 --> Session: Class initialized using 'CodeIgniter\Session\Handlers\FileHandler' driver.
INFO - 2024-08-20 08:40:29 --> CSRF token verified.
INFO - 2024-08-20 08:40:29 --> Session: Class initialized using 'CodeIgniter\Session\Handlers\FileHandler' driver.
INFO - 2024-08-20 08:40:29 --> Session: Class initialized using 'CodeIgniter\Session\Handlers\FileHandler' driver.
INFO - 2024-08-20 08:42:15 --> CSRF token verified.
INFO - 2024-08-20 08:42:15 --> Session: Class initialized using 'CodeIgniter\Session\Handlers\FileHandler' driver.
INFO - 2024-08-20 08:42:15 --> Session: Class initialized using 'CodeIgniter\Session\Handlers\FileHandler' driver.
INFO - 2024-08-20 08:42:25 --> Session: Class initialized using 'CodeIgniter\Session\Handlers\FileHandler' driver.
INFO - 2024-08-20 08:42:29 --> Session: Class initialized using 'CodeIgniter\Session\Handlers\FileHandler' driver.
CRITICAL - 2024-08-20 08:42:29 --> Attempt to read property "id_produk" on null
in APPPATH\Views\admin\produk\edit.php on line 17.
 1 APPPATH\Views\admin\produk\edit.php(17): CodeIgniter\Debug\Exceptions->errorHandler(2, 'Attempt to read property "id_produk" on null', 'C:\\project\\arfie.kadinkotamalang.com\\29\\app\\Views\\admin\\produk\\edit.php', 17)
 2 SYSTEMPATH\View\View.php(224): include('C:\\project\\arfie.kadinkotamalang.com\\29\\app\\Views\\admin\\produk\\edit.php')
 3 SYSTEMPATH\View\View.php(227): CodeIgniter\View\View->CodeIgniter\View\{closure}()
 4 SYSTEMPATH\Common.php(1180): CodeIgniter\View\View->render('admin/produk/edit', [], true)
 5 APPPATH\Controllers\admin\Produk.php(106): view('admin/produk/edit', [...])
 6 SYSTEMPATH\CodeIgniter.php(932): App\Controllers\admin\Produk->edit('favicon.ico')
 7 SYSTEMPATH\CodeIgniter.php(497): CodeIgniter\CodeIgniter->runController(Object(App\Controllers\admin\Produk))
 8 SYSTEMPATH\CodeIgniter.php(366): CodeIgniter\CodeIgniter->handleRequest(null, Object(Config\Cache), false)
 9 FCPATH\index.php(67): CodeIgniter\CodeIgniter->run()
10 SYSTEMPATH\Commands\Server\rewrite.php(47): require_once('C:\\project\\arfie.kadinkotamalang.com\\29\\public\\index.php')
INFO - 2024-08-20 08:42:39 --> CSRF token verified.
INFO - 2024-08-20 08:42:39 --> Session: Class initialized using 'CodeIgniter\Session\Handlers\FileHandler' driver.
INFO - 2024-08-20 08:42:39 --> Session: Class initialized using 'CodeIgniter\Session\Handlers\FileHandler' driver.
INFO - 2024-08-20 08:42:53 --> Session: Class initialized using 'CodeIgniter\Session\Handlers\FileHandler' driver.
INFO - 2024-08-20 08:43:46 --> CSRF token verified.
INFO - 2024-08-20 08:43:46 --> Session: Class initialized using 'CodeIgniter\Session\Handlers\FileHandler' driver.
INFO - 2024-08-20 08:43:46 --> Session: Class initialized using 'CodeIgniter\Session\Handlers\FileHandler' driver.
INFO - 2024-08-20 08:46:04 --> Session: Class initialized using 'CodeIgniter\Session\Handlers\FileHandler' driver.
INFO - 2024-08-20 08:46:23 --> CSRF token verified.
INFO - 2024-08-20 08:46:23 --> Session: Class initialized using 'CodeIgniter\Session\Handlers\FileHandler' driver.
INFO - 2024-08-20 08:46:24 --> Session: Class initialized using 'CodeIgniter\Session\Handlers\FileHandler' driver.
INFO - 2024-08-20 08:46:30 --> Session: Class initialized using 'CodeIgniter\Session\Handlers\FileHandler' driver.
INFO - 2024-08-20 08:46:35 --> Session: Class initialized using 'CodeIgniter\Session\Handlers\FileHandler' driver.
CRITICAL - 2024-08-20 08:46:35 --> Attempt to read property "id_produk" on null
in APPPATH\Views\admin\produk\edit.php on line 17.
 1 APPPATH\Views\admin\produk\edit.php(17): CodeIgniter\Debug\Exceptions->errorHandler(2, 'Attempt to read property "id_produk" on null', 'C:\\project\\arfie.kadinkotamalang.com\\29\\app\\Views\\admin\\produk\\edit.php', 17)
 2 SYSTEMPATH\View\View.php(224): include('C:\\project\\arfie.kadinkotamalang.com\\29\\app\\Views\\admin\\produk\\edit.php')
 3 SYSTEMPATH\View\View.php(227): CodeIgniter\View\View->CodeIgniter\View\{closure}()
 4 SYSTEMPATH\Common.php(1180): CodeIgniter\View\View->render('admin/produk/edit', [], true)
 5 APPPATH\Controllers\admin\Produk.php(106): view('admin/produk/edit', [...])
 6 SYSTEMPATH\CodeIgniter.php(932): App\Controllers\admin\Produk->edit('favicon.ico')
 7 SYSTEMPATH\CodeIgniter.php(497): CodeIgniter\CodeIgniter->runController(Object(App\Controllers\admin\Produk))
 8 SYSTEMPATH\CodeIgniter.php(366): CodeIgniter\CodeIgniter->handleRequest(null, Object(Config\Cache), false)
 9 FCPATH\index.php(67): CodeIgniter\CodeIgniter->run()
10 SYSTEMPATH\Commands\Server\rewrite.php(47): require_once('C:\\project\\arfie.kadinkotamalang.com\\29\\public\\index.php')
INFO - 2024-08-20 08:47:11 --> CSRF token verified.
INFO - 2024-08-20 08:47:11 --> Session: Class initialized using 'CodeIgniter\Session\Handlers\FileHandler' driver.
INFO - 2024-08-20 08:47:11 --> Session: Class initialized using 'CodeIgniter\Session\Handlers\FileHandler' driver.
INFO - 2024-08-20 08:47:19 --> Session: Class initialized using 'CodeIgniter\Session\Handlers\FileHandler' driver.
INFO - 2024-08-20 08:48:07 --> Session: Class initialized using 'CodeIgniter\Session\Handlers\FileHandler' driver.
INFO - 2024-08-20 08:52:11 --> CSRF token verified.
INFO - 2024-08-20 08:52:11 --> Session: Class initialized using 'CodeIgniter\Session\Handlers\FileHandler' driver.
INFO - 2024-08-20 08:52:11 --> Session: Class initialized using 'CodeIgniter\Session\Handlers\FileHandler' driver.
INFO - 2024-08-20 08:52:24 --> Session: Class initialized using 'CodeIgniter\Session\Handlers\FileHandler' driver.
INFO - 2024-08-20 08:53:22 --> CSRF token verified.
INFO - 2024-08-20 08:53:22 --> Session: Class initialized using 'CodeIgniter\Session\Handlers\FileHandler' driver.
INFO - 2024-08-20 08:53:22 --> Session: Class initialized using 'CodeIgniter\Session\Handlers\FileHandler' driver.
INFO - 2024-08-20 08:54:10 --> Session: Class initialized using 'CodeIgniter\Session\Handlers\FileHandler' driver.
INFO - 2024-08-20 08:54:13 --> Session: Class initialized using 'CodeIgniter\Session\Handlers\FileHandler' driver.
INFO - 2024-08-20 08:54:18 --> Session: Class initialized using 'CodeIgniter\Session\Handlers\FileHandler' driver.
INFO - 2024-08-20 08:54:27 --> Session: Class initialized using 'CodeIgniter\Session\Handlers\FileHandler' driver.
INFO - 2024-08-20 08:54:31 --> Session: Class initialized using 'CodeIgniter\Session\Handlers\FileHandler' driver.
CRITICAL - 2024-08-20 08:54:31 --> Attempt to read property "id_produk" on null
in APPPATH\Views\admin\produk\edit.php on line 17.
 1 APPPATH\Views\admin\produk\edit.php(17): CodeIgniter\Debug\Exceptions->errorHandler(2, 'Attempt to read property "id_produk" on null', 'C:\\project\\arfie.kadinkotamalang.com\\29\\app\\Views\\admin\\produk\\edit.php', 17)
 2 SYSTEMPATH\View\View.php(224): include('C:\\project\\arfie.kadinkotamalang.com\\29\\app\\Views\\admin\\produk\\edit.php')
 3 SYSTEMPATH\View\View.php(227): CodeIgniter\View\View->CodeIgniter\View\{closure}()
 4 SYSTEMPATH\Common.php(1180): CodeIgniter\View\View->render('admin/produk/edit', [], true)
 5 APPPATH\Controllers\admin\Produk.php(106): view('admin/produk/edit', [...])
 6 SYSTEMPATH\CodeIgniter.php(932): App\Controllers\admin\Produk->edit('favicon.ico')
 7 SYSTEMPATH\CodeIgniter.php(497): CodeIgniter\CodeIgniter->runController(Object(App\Controllers\admin\Produk))
 8 SYSTEMPATH\CodeIgniter.php(366): CodeIgniter\CodeIgniter->handleRequest(null, Object(Config\Cache), false)
 9 FCPATH\index.php(67): CodeIgniter\CodeIgniter->run()
10 SYSTEMPATH\Commands\Server\rewrite.php(47): require_once('C:\\project\\arfie.kadinkotamalang.com\\29\\public\\index.php')
INFO - 2024-08-20 08:55:50 --> CSRF token verified.
INFO - 2024-08-20 08:55:50 --> Session: Class initialized using 'CodeIgniter\Session\Handlers\FileHandler' driver.
INFO - 2024-08-20 08:55:50 --> Session: Class initialized using 'CodeIgniter\Session\Handlers\FileHandler' driver.
INFO - 2024-08-20 08:55:54 --> Session: Class initialized using 'CodeIgniter\Session\Handlers\FileHandler' driver.
CRITICAL - 2024-08-20 08:55:54 --> Attempt to read property "id_produk" on null
in APPPATH\Views\admin\produk\edit.php on line 17.
 1 APPPATH\Views\admin\produk\edit.php(17): CodeIgniter\Debug\Exceptions->errorHandler(2, 'Attempt to read property "id_produk" on null', 'C:\\project\\arfie.kadinkotamalang.com\\29\\app\\Views\\admin\\produk\\edit.php', 17)
 2 SYSTEMPATH\View\View.php(224): include('C:\\project\\arfie.kadinkotamalang.com\\29\\app\\Views\\admin\\produk\\edit.php')
 3 SYSTEMPATH\View\View.php(227): CodeIgniter\View\View->CodeIgniter\View\{closure}()
 4 SYSTEMPATH\Common.php(1180): CodeIgniter\View\View->render('admin/produk/edit', [], true)
 5 APPPATH\Controllers\admin\Produk.php(106): view('admin/produk/edit', [...])
 6 SYSTEMPATH\CodeIgniter.php(932): App\Controllers\admin\Produk->edit('favicon.ico')
 7 SYSTEMPATH\CodeIgniter.php(497): CodeIgniter\CodeIgniter->runController(Object(App\Controllers\admin\Produk))
 8 SYSTEMPATH\CodeIgniter.php(366): CodeIgniter\CodeIgniter->handleRequest(null, Object(Config\Cache), false)
 9 FCPATH\index.php(67): CodeIgniter\CodeIgniter->run()
10 SYSTEMPATH\Commands\Server\rewrite.php(47): require_once('C:\\project\\arfie.kadinkotamalang.com\\29\\public\\index.php')
INFO - 2024-08-20 08:56:37 --> CSRF token verified.
INFO - 2024-08-20 08:56:37 --> Session: Class initialized using 'CodeIgniter\Session\Handlers\FileHandler' driver.
INFO - 2024-08-20 08:56:37 --> Session: Class initialized using 'CodeIgniter\Session\Handlers\FileHandler' driver.
INFO - 2024-08-20 08:56:46 --> Session: Class initialized using 'CodeIgniter\Session\Handlers\FileHandler' driver.
INFO - 2024-08-20 09:00:12 --> Session: Class initialized using 'CodeIgniter\Session\Handlers\FileHandler' driver.
INFO - 2024-08-20 09:01:59 --> Session: Class initialized using 'CodeIgniter\Session\Handlers\FileHandler' driver.
INFO - 2024-08-20 09:10:19 --> Session: Class initialized using 'CodeIgniter\Session\Handlers\FileHandler' driver.
INFO - 2024-08-20 09:12:23 --> Session: Class initialized using 'CodeIgniter\Session\Handlers\FileHandler' driver.
INFO - 2024-08-20 09:12:26 --> Session: Class initialized using 'CodeIgniter\Session\Handlers\FileHandler' driver.
INFO - 2024-08-20 09:12:37 --> Session: Class initialized using 'CodeIgniter\Session\Handlers\FileHandler' driver.
INFO - 2024-08-20 09:12:48 --> Session: Class initialized using 'CodeIgniter\Session\Handlers\FileHandler' driver.
INFO - 2024-08-20 09:13:08 --> Session: Class initialized using 'CodeIgniter\Session\Handlers\FileHandler' driver.
INFO - 2024-08-20 09:13:22 --> Session: Class initialized using 'CodeIgniter\Session\Handlers\FileHandler' driver.
INFO - 2024-08-20 09:13:34 --> Session: Class initialized using 'CodeIgniter\Session\Handlers\FileHandler' driver.
